[16:06:39] [main/INFO]: Loading Minecraft 1.20.1 with Fabric Loader 0.16.14
[16:06:39] [ForkJoinPool-1-worker-3/WARN]: The mod "openblocks" contains invalid entries in its mod json:
- Unsupported root entry "client" at line 24 column 11
[16:06:39] [ForkJoinPool-1-worker-1/WARN]: Mod wither_spawn_fix uses the version MC1.20.1-1.0.0 which isn't compatible with Loader's extended semantic version format (Could not parse version number component 'MC1'!), SemVer is recommended for reliably evaluating dependencies and prioritizing newer version
[16:06:39] [ForkJoinPool-1-worker-4/WARN]: Mod oceansdelight uses the version fdrf-fabric-1.0.2-1.20 which isn't compatible with Loader's extended semantic version format (Could not parse version number component 'fdrf'!), SemVer is recommended for reliably evaluating dependencies and prioritizing newer version
[16:06:40] [ForkJoinPool-1-worker-2/WARN]: Mod magna uses the version ${version} which isn't compatible with Loader's extended semantic version format (Could not parse version number component '${version}'!), SemVer is recommended for reliably evaluating dependencies and prioritizing newer version
[16:06:40] [ForkJoinPool-1-worker-1/WARN]: Mod ends_delight uses the version refabricated-1.20.1-2.5 which isn't compatible with Loader's extended semantic version format (Could not parse version number component 'refabricated'!), SemVer is recommended for reliably evaluating dependencies and prioritizing newer version
[16:06:40] [ForkJoinPool-1-worker-3/WARN]: Mod netherdepthsupgrade uses the version fabric-3.1.6-1.20 which isn't compatible with Loader's extended semantic version format (Could not parse version number component 'fabric'!), SemVer is recommended for reliably evaluating dependencies and prioritizing newer version
[16:06:40] [ForkJoinPool-1-worker-1/WARN]: The mod "dungeons_arise" contains invalid entries in its mod json:
- Unsupported root entry "credits" at line 12 column 12
[16:06:40] [ForkJoinPool-1-worker-4/WARN]: Mod naturalist uses the version 5.0pre3 which isn't compatible with Loader's extended semantic version format (Could not parse version number component '0pre3'!), SemVer is recommended for reliably evaluating dependencies and prioritizing newer version
[16:06:40] [main/INFO]: Dependencies overridden for smoothgui, create_questing, estrogen, thermoo, prominent, bettertrims, frostiful, chatanimation, copycats
[16:06:40] [main/WARN]: Warnings were found!
 - Mod 'Alloy Forgery' (alloy_forgery) 2.1.2+1.20 recommends version 12.0.0 or later of roughlyenoughitems, which is missing!
	 - You should install version 12.0.0 or later of roughlyenoughitems for the optimal experience.
 - Mod 'Debugify' (debugify) 1.20.1+2.0 recommends any 3.x version of yet-another-config-lib, which is missing!
	 - You should install any 3.x version of yet-another-config-lib for the optimal experience.
 - Mod 'SimplySkills' (simplyskills) 1.7.2+1.20.1 recommends version 1.4.2+1.20.1 or later of amethyst_core, which is missing!
	 - You should install version 1.4.2+1.20.1 or later of amethyst_core for the optimal experience.
 - Mod 'Spellblades and Such' (spellbladenext) 2.3.0+1.20.1 recommends version 1.2.0+1.20.1 of mod 'Paladins & Priests (RPG Series)' (paladins), but only the wrong version is present: 1.4.0+1.20.1!
	 - You should install version 1.2.0+1.20.1 of mod 'Paladins & Priests (RPG Series)' (paladins) for the optimal experience.
[16:06:40] [main/INFO]: Loading 530 mods:
	- aaa_particles 1.20.1-1.4.7
	- accessories 1.0.0-beta.47+1.20.1
	   |-- io_wispforest_endec 0.1.8
	   |-- io_wispforest_endec_gson 0.1.5
	   \-- io_wispforest_endec_netty 0.1.4
	- ad_astra 1.15.5
	- ad_astra_giselle_addon 5.6
	- advancednetherite 2.1.3-1.20.1
	- adventurez 1.4.20
	- ae2 15.3.6
	   \-- team_reborn_energy 3.0.0
	- ae2wtlib 15.2.1-fabric
	- alloy_forgery 2.1.2+1.20
	- allthetrims 3.4.3
	   \-- mixinsquared 0.1.1
	- almostunified 1.20.1-0.10.0
	- alternate-current 1.9.0
	- amendments 1.20-1.2.19
	   \-- mixinextras 0.4.1
	- animal_feeding_trough 1.1.0+1.20.1
	- appbot 1.5.0
	- appleskin 2.5.1+mc1.20
	- aquamirae 6
	- aqupdcaracal 1.20-2.3.3
	- archers 1.3.0+1.20.1
	   \-- com_github_zsoltmolnarrr_tinyconfig 2.3.2
	- archers_expansion 0.2.3-1.20.1
	   \-- com_github_zsoltmolnarrr_tinyconfig 2.3.2
	- architectury 9.2.14
	- archon 0.8.1
	   |-- com_github_zsoltmolnarrr_tinyconfig 2.3.2
	   |-- omega-config 1.4.0+1.20.1
	   \-- saflib 1.1.0
	- artifacts 9.5.15
	   |-- expandability 9.0.4
	   \-- step-height-entity-attribute 1.2.0
	- ash_api 3.0.2+1.20.1
	- athena 3.1.2
	- attributefix 21.0.4
	- autotag-convention 2.0.2+1.20
	   \-- autotag 2.0.2+1.20
	- azurelib 3.0.8
	   \-- mixinextras 0.4.1
	- azurelibarmor 2.0.14
	- badpackets 0.4.3
	- balm 7.3.31
	   \-- kuma_api 20.1.10
	- barteringstation 8.0.0
	- bcc 4.0.8
	- bclib 3.0.14
	   \-- wunderlib 1.1.5
	- beachparty 2.0.2
	- beekeeperhut 2.0.1
	- better-trim-tooltips 1.0.1
	- betterarcheology 1.2.1-1.20.1
	- bettercombat 1.8.6+1.20.1
	- betterdeserttemples 1.20-Fabric-3.0.3
	   \-- org_reflections_reflections 0.10.2
	- betterdungeons 1.20-Fabric-4.0.4
	- betterend 4.0.11
	- betterend-crashed-ships 1.0.0
	- betterendisland 1.20-Fabric-2.0.6
	- betterfortresses 1.20-Fabric-2.0.6
	- betterjungletemples 1.20-Fabric-2.0.5
	- bettermineshafts 1.20-Fabric-4.0.4
	- betternether 9.0.10
	- betteroceanmonuments 1.20-Fabric-3.0.4
	- betterstrongholds 1.20-Fabric-4.0.3
	- betterthanmending 1.3.0
	- bettertrims 2.3.2
	   \-- mixinsquared 0.1.1
	- betterwitchhuts 1.20-Fabric-3.0.3
	- bewitchment 1.20-10
	   |-- impersonate 2.10.3
	   |-- playerabilitylib 1.8.0
	   |-- reach-entity-attributes 2.4.0
	   \-- terraform-wood-api-v1 7.0.3
	- blockrunner 8.0.4
	- blockswap 5.0.0.0
	- boatbreakfix 1.0.2
	- bookshelf 20.2.13
	- bosses_of_mass_destruction 1.7.5-1.20.1
	   |-- maelstrom_library 1.6.1-1.20
	   \-- multipart_entities 1.5-1.20
	- botania 1.20.1-448-FABRIC
	   |-- fiber 0.23.0-2
	   |-- reach-entity-attributes 2.4.0
	   \-- step-height-entity-attribute 1.2.0
	- botarium 2.3.4
	   \-- team_reborn_energy 3.0.0
	- brewery 1.1.9
	- buildguide 0.4.5
	- cardinal-components 5.2.3
	   |-- cardinal-components-base 5.2.3
	   |-- cardinal-components-block 5.2.3
	   |-- cardinal-components-chunk 5.2.3
	   |-- cardinal-components-entity 5.2.3
	   |-- cardinal-components-item 5.2.3
	   |-- cardinal-components-level 5.2.3
	   |-- cardinal-components-scoreboard 5.2.3
	   \-- cardinal-components-world 5.2.3
	- carryon 2.1.2.7
	- chefsdelight 1.0.3-fabric-1.20.1
	- chipped 3.0.7
	- chunksavefix 1.0.0
	- cicada 0.13.0+1.20.1
	   \-- org_yaml_snakeyaml 2.2
	- cloth-config 11.1.136
	   \-- cloth-basic-math 0.6.1
	- clumps 12.0.0.4
	- collective 8.3
	- combat_effects 1.0.0
	- combatroll 1.3.3+1.20.1
	- comforts 6.4.0+1.20.1
	- commonnetworking 1.0.5-1.20.1
	- computercraft 1.113.1
	   |-- cc_tweaked_cobalt 0.9.3
	   |-- com_electronwill_night-config_core 3.6.7
	   |-- com_electronwill_night-config_toml 3.6.7
	   |-- com_jcraft_jzlib 1.1.3
	   |-- io_netty_netty-codec-http 4.1.82
	   |-- io_netty_netty-codec-socks 4.1.82
	   \-- io_netty_netty-handler-proxy 4.1.82
	- connectiblechains 2.5.4-hotfix.1+1.20.1
	- connectivity 1.20.1-7.1
	- convenientdecor 0.4.3
	   \-- omega-config 1.4.0+1.20.1
	- copycats 2.2.2+mc.1.20.1-fabric
	- coroutil 1.20.1-1.3.7
	- crash_assistant 1.9.6
	- create 0.5.1-j-build.1631+mc1.20.1
	   |-- com_google_code_findbugs_jsr305 3.0.2
	   |-- flywheel 0.6.11-4
	   |-- milk 1.2.60
	   |    \-- dripstone_fluid_lib 3.0.2
	   |-- porting_lib_accessors 2.3.8+1.20.1
	   |    \-- porting_lib_core 2.3.8+1.20.1
	   |-- porting_lib_base 2.3.8+1.20.1
	   |    |-- porting_lib_attributes 2.3.8+1.20.1
	   |    |-- porting_lib_common 2.3.8+1.20.1
	   |    |-- porting_lib_core 2.3.8+1.20.1
	   |    |-- porting_lib_fluids 2.3.8+1.20.1
	   |    |-- porting_lib_gui_utils 2.3.8+1.20.1
	   |    |-- porting_lib_mixin_extensions 2.3.8+1.20.1
	   |    |-- porting_lib_utility 2.3.8+1.20.1
	   |    \-- reach-entity-attributes 2.4.0
	   |-- porting_lib_brewing 2.3.8+1.20.1
	   |    \-- porting_lib_core 2.3.8+1.20.1
	   |-- porting_lib_client_events 2.3.8+1.20.1
	   |    \-- porting_lib_core 2.3.8+1.20.1
	   |-- porting_lib_entity 2.3.8+1.20.1
	   |    |-- porting_lib_core 2.3.8+1.20.1
	   |    \-- porting_lib_mixin_extensions 2.3.8+1.20.1
	   |-- porting_lib_extensions 2.3.8+1.20.1
	   |    |-- porting_lib_attributes 2.3.8+1.20.1
	   |    |-- porting_lib_common 2.3.8+1.20.1
	   |    |-- porting_lib_core 2.3.8+1.20.1
	   |    \-- reach-entity-attributes 2.4.0
	   |-- porting_lib_models 2.3.8+1.20.1
	   |    |-- porting_lib_core 2.3.8+1.20.1
	   |    |-- porting_lib_fluids 2.3.8+1.20.1
	   |    \-- porting_lib_model_loader 2.3.8+1.20.1
	   |-- porting_lib_networking 2.3.8+1.20.1
	   |    \-- porting_lib_core 2.3.8+1.20.1
	   |-- porting_lib_obj_loader 2.3.8+1.20.1
	   |    |-- porting_lib_core 2.3.8+1.20.1
	   |    \-- porting_lib_model_loader 2.3.8+1.20.1
	   |-- porting_lib_tags 3.0
	   |    \-- porting_lib_core 2.3.8+1.20.1
	   |-- porting_lib_tool_actions 2.3.8+1.20.1
	   |    \-- porting_lib_core 2.3.8+1.20.1
	   |-- porting_lib_transfer 2.3.8+1.20.1
	   |    |-- porting_lib_core 2.3.8+1.20.1
	   |    \-- porting_lib_fluids 2.3.8+1.20.1
	   |-- reach-entity-attributes 2.4.0
	   \-- registrate-fabric 1.3.79-MC1.20.1
	        |-- com_google_code_findbugs_jsr305 3.0.2
	        |-- porting_lib_data 2.1.1090+1.20
	        |    \-- porting_lib_gametest 2.1.1090+1.20
	        \-- porting_lib_model_generators 2.1.1090+1.20
	             \-- porting_lib_gametest 2.1.1090+1.20
	- create_new_age 1.1.2
	- create_questing 1.0.0
	- createaddition 1.2.6
	- creativecore 2.12.33
	   \-- net_minecraftforge_eventbus 6.0.3
	- creeperoverhaul 3.0.2
	- cristellib 1.1.5
	   \-- blue_endless_jankson 1.2.3
	- croptopia 3.0.3
	- ctov 3.4.14
	- cupboard 1.20.1-2.7
	- custom_entity_attributes 1.0.0
	- customitemattributes 2.0.0
	- darkpaintings 17.0.4
	- darkutils 17.0.5
	- dawn 5.0.0
	   \-- terraform-shapes-api-v1 7.0.1
	- death_knights 1.0.0
	- debugify 1.20.1+2.0
	- decorative_blocks 4.0.3
	- deeperdarker 1.3.3
	   \-- customportalapi 0.0.1-beta64-1.20
	- derelict 1.1.1
	- despawntweaks 1.0.0
	- deuf_refabricated 1.1.0
	- do_a_barrel_roll 3.6.1+1.20.1
	   \-- mixinsquared 0.1.1
	- doapi 1.2.15
	- doubledoors 7.0
	- dragonfight 1.20.1-4.6
	- dummmmmmy 1.20-2.0.7
	- dungeons_arise 2.1.58
	- dynamic_resource_bars 0.6.1
	   \-- mixinextras 0.4.1
	- dynamictrim 1.4.1
	   \-- mixinsquared 0.1.1
	- eldritch_end 0.3.4
	- emi 1.1.22+1.20.1+fabric
	- emi_enchanting 0.1.2+1.20.1
	- emi_loot 0.7.6+1.20.1+fabric
	- endrem 5.2.4
	- ends_delight refabricated-1.20.1-2.5
	- epherolib 1.2.0
	- estrogen 4.3.4+1.20.1-fabric
	   |-- baubly 1.0.1
	   |-- com_teamresourceful_resourceful-cosmetics-4j 1.0.4
	   |-- critter_lib 0.1-beta.14
	   \-- jukeboxfix 1.0.1
	- eternal_attributes 1.0.0
	- expandeddelight 0.3.2
	   |-- mm 2.3
	   \-- omega-config 1.4.0+1.20.1
	- explorations 1.20.1-1.6.1
	- explorerscompass 1.20.1-2.2.3-fabric
	- explorify 1.6.2
	- extendedae 1.20-1.0.2-fabric
	   \-- configuration 2.2.0
	- extra-mod-integrations 0.4.7+1.20.1
	- extraspellattributes 1.3.2
	- fabric-api 0.92.6+1.20.1
	   |-- fabric-api-base 0.4.32+1802ada577
	   |-- fabric-api-lookup-api-v1 1.6.37+1802ada577
	   |-- fabric-biome-api-v1 13.0.14+1802ada577
	   |-- fabric-block-api-v1 1.0.12+1802ada577
	   |-- fabric-block-view-api-v2 1.0.3+924f046a77
	   |-- fabric-blockrenderlayer-v1 1.1.42+1802ada577
	   |-- fabric-client-tags-api-v1 1.1.3+1802ada577
	   |-- fabric-command-api-v1 1.2.35+f71b366f77
	   |-- fabric-command-api-v2 2.2.14+1802ada577
	   |-- fabric-commands-v0 0.2.52+df3654b377
	   |-- fabric-containers-v0 0.1.67+df3654b377
	   |-- fabric-content-registries-v0 4.0.13+1802ada577
	   |-- fabric-convention-tags-v1 1.5.6+1802ada577
	   |-- fabric-crash-report-info-v1 0.2.20+1802ada577
	   |-- fabric-data-attachment-api-v1 1.0.2+de0fd6d177
	   |-- fabric-data-generation-api-v1 12.3.7+1802ada577
	   |-- fabric-dimensions-v1 2.1.55+1802ada577
	   |-- fabric-entity-events-v1 1.6.1+1c78457f77
	   |-- fabric-events-interaction-v0 0.6.5+13a40c6677
	   |-- fabric-events-lifecycle-v0 0.2.64+df3654b377
	   |-- fabric-game-rule-api-v1 1.0.41+1802ada577
	   |-- fabric-item-api-v1 2.1.29+1802ada577
	   |-- fabric-item-group-api-v1 4.0.14+1802ada577
	   |-- fabric-key-binding-api-v1 1.0.38+1802ada577
	   |-- fabric-keybindings-v0 0.2.36+df3654b377
	   |-- fabric-lifecycle-events-v1 2.2.23+1802ada577
	   |-- fabric-loot-api-v2 1.2.3+1802ada577
	   |-- fabric-loot-tables-v1 1.1.47+9e7660c677
	   |-- fabric-message-api-v1 5.1.10+1802ada577
	   |-- fabric-mining-level-api-v1 2.1.52+1802ada577
	   |-- fabric-model-loading-api-v1 1.0.4+1802ada577
	   |-- fabric-models-v0 0.4.3+9386d8a777
	   |-- fabric-networking-api-v1 1.3.14+a158aa0477
	   |-- fabric-networking-v0 0.3.54+df3654b377
	   |-- fabric-object-builder-api-v1 11.1.5+e35120df77
	   |-- fabric-particles-v1 1.1.3+1802ada577
	   |-- fabric-recipe-api-v1 1.0.24+1802ada577
	   |-- fabric-registry-sync-v0 2.3.6+1802ada577
	   |-- fabric-renderer-api-v1 3.2.2+1802ada577
	   |-- fabric-renderer-indigo 1.5.3+85287f9f77
	   |-- fabric-renderer-registries-v1 3.2.47+df3654b377
	   |-- fabric-rendering-data-attachment-v1 0.3.39+92a0d36777
	   |-- fabric-rendering-fluids-v1 3.0.29+1802ada577
	   |-- fabric-rendering-v0 1.1.50+df3654b377
	   |-- fabric-rendering-v1 3.0.9+1802ada577
	   |-- fabric-resource-conditions-api-v1 2.3.9+1802ada577
	   |-- fabric-resource-loader-v0 0.11.12+fb82e9d777
	   |-- fabric-screen-api-v1 2.0.9+1802ada577
	   |-- fabric-screen-handler-api-v1 1.3.33+1802ada577
	   |-- fabric-sound-api-v1 1.0.14+1802ada577
	   |-- fabric-transfer-api-v1 3.3.6+8dd72ea377
	   \-- fabric-transitive-access-wideners-v1 4.3.2+1802ada577
	- fabric-language-kotlin 1.13.4+kotlin.2.2.0
	   |-- org_jetbrains_kotlin_kotlin-reflect 2.2.0
	   |-- org_jetbrains_kotlin_kotlin-stdlib 2.2.0
	   |-- org_jetbrains_kotlin_kotlin-stdlib-jdk7 2.2.0
	   |-- org_jetbrains_kotlin_kotlin-stdlib-jdk8 2.2.0
	   |-- org_jetbrains_kotlinx_atomicfu-jvm 0.28.0
	   |-- org_jetbrains_kotlinx_kotlinx-coroutines-core-jvm 1.10.2
	   |-- org_jetbrains_kotlinx_kotlinx-coroutines-jdk8 1.10.2
	   |-- org_jetbrains_kotlinx_kotlinx-datetime-jvm 0.6.2
	   |-- org_jetbrains_kotlinx_kotlinx-io-bytestring-jvm 0.7.0
	   |-- org_jetbrains_kotlinx_kotlinx-io-core-jvm 0.7.0
	   |-- org_jetbrains_kotlinx_kotlinx-serialization-cbor-jvm 1.8.1
	   |-- org_jetbrains_kotlinx_kotlinx-serialization-core-jvm 1.8.1
	   \-- org_jetbrains_kotlinx_kotlinx-serialization-json-jvm 1.8.1
	- fabricloader 0.16.14
	   \-- mixinextras 0.4.1
	- fakerlib 0.1.4
	   \-- mixinsquared 0.1.1
	- fancy_hotbar 1.0.0
	- farmersdelight 1.20.1-2.4.0+refabricated
	   |-- mm 2.3
	   |-- porting_lib_accessors 2.3.8+1.20.1
	   |    \-- porting_lib_core 2.3.8+1.20.1
	   |-- porting_lib_base 2.3.8+1.20.1
	   |    |-- porting_lib_attributes 2.3.8+1.20.1
	   |    |-- porting_lib_common 2.3.8+1.20.1
	   |    |-- porting_lib_core 2.3.8+1.20.1
	   |    |-- porting_lib_fluids 2.3.8+1.20.1
	   |    |-- porting_lib_gui_utils 2.3.8+1.20.1
	   |    |-- porting_lib_mixin_extensions 2.3.8+1.20.1
	   |    |-- porting_lib_utility 2.3.8+1.20.1
	   |    \-- reach-entity-attributes 2.4.0
	   |-- porting_lib_config 2.3.8+1.20.1
	   |    \-- porting_lib_core 2.3.8+1.20.1
	   |-- porting_lib_lazy_registration 2.3.8+1.20.1
	   |    \-- porting_lib_core 2.3.8+1.20.1
	   |-- porting_lib_loot 2.3.8+1.20.1
	   |    \-- porting_lib_core 2.3.8+1.20.1
	   |-- porting_lib_networking 2.3.8+1.20.1
	   |    \-- porting_lib_core 2.3.8+1.20.1
	   |-- porting_lib_recipe_book_categories 2.3.8+1.20.1
	   |    \-- porting_lib_core 2.3.8+1.20.1
	   |-- porting_lib_tags 3.0
	   |    \-- porting_lib_core 2.3.8+1.20.1
	   \-- porting_lib_tool_actions 2.3.8+1.20.1
	        \-- porting_lib_core 2.3.8+1.20.1
	- farmersknives 3.2
	- faster-random 5.1.0
	- fastpaintings 1.20-1.2.7
	- faux-custom-entity-data 6.0.1
	- ferritecore 6.0.1
	- fishontheline 3.5
	- flowerymooblooms 2.0.2
	- forgeconfigapiport 8.0.2
	- forgeconfigscreens 8.0.2
	- friendsandfoes 3.0.9
	   \-- reach-entity-attributes 2.4.0
	- frostiful 1.0.11
	   \-- mm 2.3
	- ftblibrary 2001.2.9
	- ftbquests 2001.4.13
	   \-- team_reborn_energy 3.0.0
	- ftbteams 2001.3.1
	- ftbxmodcompat 2.1.3
	- fwaystones 3.3.3+mc1.20.1
	- fzzy_config 0.7.0+1.20.1
	   |-- fabric-permissions-api-v0 0.3.1
	   \-- net_peanuuutz_tomlkt_tomlkt-jvm 0.3.7
	- geckolib 4.7.2
	   \-- com_eliotlash_mclib_mclib 20
	- geophilic 3.4.2
	- grassoverhaul 25.1.31
	- graveyard 3.0
	- handcrafted 3.0.6
	- herbalbrews 1.0.12
	- highlight 2.0.1
	- icarus 2.12.0
	- iceberg 1.1.25
	- idwtialsimmoedm 0.3.1+1.20
	- immersive_armors 1.7.0+1.20.1
	- immersive_melodies 0.5.0+1.20.1
	- immersivelanterns 1.0.4
	- immersivemessages 1.0.18
	   |-- mixinextras 0.4.1
	   \-- mm 2.3
	- indrev 1.16.5-BETA
	   |-- libgui 8.1.1+1.20.1
	   |    |-- jankson 6.0.0+j1.2.3
	   |    \-- libninepatch 1.2.0
	   |-- noindium 1.1.0+1.19
	   |-- step-height-entity-attribute 1.2.0
	   \-- team_reborn_energy 3.0.0
	- infinitetrading 4.6
	- inventorysorter 1.9.0-1.20
	   \-- kyrptconfig 1.5.6-1.20
	- invoke 1.0.3.1-1.20.1
	- ironchests 5.0.2
	- item_obliterator 2.3.0
	- itemfilters 2001.1.0-build.59
	- jade 11.13.1+fabric
	- jamlib 1.3.5+1.20.1
	- java 17
	- jewelry 1.3.7+1.20.1
	   \-- com_github_zsoltmolnarrr_tinyconfig 2.3.2
	- justhammers 20.1.5+mc1.20.1
	- kibe 1.10.1-BETA+1.20
	   \-- playerabilitylib 1.8.0
	- kleeslabs 15.0.4
	- konkrete 1.8.1
	- leavesbegone 8.0.0
	- libz 1.0.3
	- lithium 0.11.3
	- lithostitched 1.4.9
	- lmft 1.0.2+1.20
	- logbegone 1.0.8
	- lootintegrations 1.20.1-4.7
	- lootr 0.7.35.85
	- magnumtorch 8.0.2
	- mavapi 1.1.4
	- mavm 1.2.6
	- mcda 5.0.2
	- mcdw 9.0.4
	- megacells 2.4.6-1.20.1
	- melody 1.0.3
	- memorysettings 1.20.1-5.9
	- merequester 1.20.1-1.1.4
	- midnightlib 1.4.1
	- minecells 1.9.2
	   \-- gimm1q 0.7.9+1.20.1
	        \-- com_github_redempt_crunch 2.0.3
	- minecraft 1.20.1
	- mixintrace 1.1.1+1.17
	- mmmindicators 1.0.0
	- mobhealthbar 2.3.0
	- mobs_of_mythology 2.1.2
	- modern_industrialization 1.8.6
	   |-- magna 1.10.1+1.20.1
	   |-- noindium 1.1.0+1.20
	   |-- playerabilitylib 1.8.0
	   \-- team_reborn_energy 3.0.0
	- modernfix 5.23.1+mc1.20.1
	- modpack-update-checker 0.15.6
	   \-- mpuc_lavendermd 0.1.2
	- moonlight 1.20-2.14.11
	- more_armor_trims 1.4.2-1.20.1
	- more_rpg_classes 1.2.14-1.20.1
	   \-- com_github_zsoltmolnarrr_tinyconfig 2.3.2
	- moremobvariants 1.3.1
	- moretotems 2.16.0
	- mutantmonsters 8.0.7
	   \-- extensibleenums 7.0.1
	- mythicmounts 1.20.1-7.2
	- mythicupgrades 4.2.0+mc1.20.1
	   \-- mixinextras 0.4.1
	- naturalist 5.0pre3
	- naturescompass 1.20.1-2.2.3-fabric
	- necronomicon 1.6.0
	- nerb 0.4.1
	- neruina 2.3.1-beta.1
	   |-- com_fasterxml_jackson_core_jackson-annotations 2.17.0
	   |-- com_fasterxml_jackson_core_jackson-core 2.17.0
	   |-- com_fasterxml_jackson_core_jackson-databind 2.17.0
	   |-- org_apache_httpcomponents_client5_httpclient5 5.3.1
	   |-- org_apache_httpcomponents_core5_httpcore5 5.3.1
	   |-- org_apache_maven_maven-artifact 3.8.1
	   \-- org_kohsuke_github-api 1.318
	- netherchested 8.0.4
	   \-- puzzlesapi 8.1.7
	- netherdepthsupgrade fabric-3.1.6-1.20
	- netherportalfix 13.0.1
	- nightconfigfixes 8.0.0
	- nochatreports 1.20.1-v2.2.2
	   |-- fabric-rendering-v1 3.0.6+b3afc78b82
	   \-- fabric-screen-api-v1 2.0.6+b3afc78b82
	- obscure_api 16
	- oceansdelight fdrf-fabric-1.0.2-1.20
	- octolib 0.5.0.1
	   \-- org_yaml_snakeyaml 2.2
	- offhandtickfix 1.0.0
	- opaccreatesupport 1.7.0
	- opacpvp 1.0.0
	- openblocks 0.0.3-1.20.1
	- openpartiesandclaims 0.24.0
	- owo 0.11.2+1.20
	- oxidized 1.8.2
	- packetfixer 3.1.0
	- paladins 1.4.0+1.20.1
	   \-- com_github_zsoltmolnarrr_tinyconfig 2.3.2
	- patchouli 1.20.1-84-FABRIC
	   \-- fiber 0.23.0-2
	- paxi 1.20-Fabric-4.0
	- pehkui 3.8.3+1.14.4-1.21
	   \-- kanos_config 0.4.1+1.14.4-1.19.4
	- philipsruins 5.5
	- pigpen 15.0.2
	- ping-wheel 1.10.3
	- piratesdoom 1.0.0
	- player-animator 1.0.2-rc1+1.20
	- polyeng 0.1.1-1.20.1
	- polymorph 0.49.10+1.20.1
	   \-- spectrelib 0.13.17+1.20.1
	- powah 5.0.10
	- projectile_damage 3.2.3+1.20.1
	- promenade 4.1.1
	   \-- biolith 1.0.0-alpha.8
	        \-- terraform-surfaces-api-v1 7.0.1
	- prominent 3.9.7
	- prominent_ost 1.0.0
	- prominent_talents 2.8.0
	- puffish_attributes 0.7.3
	   \-- mixinextras 0.4.1
	- puffish_skills 0.16.0
	- puzzleslib 8.1.32
	   \-- puzzlesaccessapi 20.1.1
	- quartzelv 2.2.7+1.20.4
	- questkilltask 0.2.0+1.20.1
	- railways 1.6.9+fabric-mc1.20.1
	   \-- mm 2.3
	- ranged_weapon_api 1.1.4+1.20.1
	- rare-ice 0.6.0
	- reacharound 1.3.1
	- rebalance 1.2.0
	- reborncore 5.8.13
	   \-- team_reborn_energy 3.0.0
	- recipeessentials 1.20.1-4.1
	- recipesplitter 1.0-SNAPSHOT
	- redirected 1.0.0
	- regions_unexplored 0.5.6+1.20.1
	- resistance_balancer 1.1.0
	- resourcefulconfig 2.1.3
	- resourcefullib 2.1.29
	   |-- com_teamresourceful_bytecodecs 1.0.2
	   \-- com_teamresourceful_yabn 1.0.3
	- riverredux 0.3.1
	- rogues 1.2.0+1.20.1
	   \-- com_github_zsoltmolnarrr_tinyconfig 2.3.2
	- runelic 18.0.2
	- runes 0.9.13+1.20.1
	- satisfying_buttons 1.1.2
	- sbprom 1.0.6
	   \-- com_github_zsoltmolnarrr_tinyconfig 2.3.2
	- seasons 2.4.2-BETA+1.20
	- seasonscroptopiacompat 1.0-2.2.2
	- seasonsdelightcompat 1.0-1.3.9
	- seasonsextras 1.3.2-BETA+1.20
	- serverbrowser 1.3.0
	- shield_api 1.0.1+1.20.1
	- shield_overhaul 2.0.4
	- simply_houses 1.1.4-1.20.1
	- simplyskills 1.7.2+1.20.1
	- simplyswords 1.56.0-1.20.1
	   \-- spruceui 5.0.0+1.20
	- skinlayers3d 1.8.0
	   |-- transition 1.0.2
	   \-- trender 1.0.4
	- skyvillages 1.0.4-1.19.2-1.20.1
	- smallships 2.0.0-b1.4
	- smartbrainlib 1.15
	- smoothchunk 1.20.1-4.1
	- smwyg 1.1.1
	- snifferplus 0.3.0
	- sortilege 1.6.4
	- soulsweapons 1.2.4-1.20.1-fabric
	- spark 1.10.53
	- spell-engine-openpac-compat 1.0.0
	- spell_engine 0.15.12+1.20.1
	   \-- com_github_zsoltmolnarrr_tinyconfig 2.3.2
	- spell_power 0.12.0+1.20.1
	   \-- com_github_zsoltmolnarrr_tinyconfig 2.3.2
	- spellbladenext 2.3.0+1.20.1
	   \-- com_github_zsoltmolnarrr_tinyconfig 2.3.2
	- stackdeobfuscator 1.4.3+08e71cc
	   |-- net_fabricmc_mapping-io 0.6.1
	   \-- stackdeobfuscator-common 1.4.3+08e71cc
	- starterkit 7.4
	- stoneworks 8.0.0
	- structure_pool_api 1.0+1.20.1
	- structureessentials 1.20.1-4.7
	- supermartijn642configlib 1.1.8+a
	- supplementaries 1.20-3.1.31
	   \-- mixinsquared 0.1.1
	- swampier_swamps 1.20-4.0.0
	- t_and_t 1.12
	- tclayer 3.8.1+beta.14
	- techreborn 5.8.13
	   \-- team_reborn_energy 3.0.0
	- terrablender 3.0.1.10
	   |-- com_electronwill_night-config_core 3.6.7
	   \-- com_electronwill_night-config_toml 3.6.7
	- thaumon 2.3.0+1.20.1
	- the_bumblezone 7.8.0+1.20.1-fabric
	   |-- mixinextras 0.4.1
	   \-- noindium 1.1.0+1.20
	- thermoo 2.3.3
	- thiccpackets 1.17-1.19+
	- things 0.3.3+1.20
	   \-- lavender 0.1.0-pre.18+1.20
	        |-- lavender-md 0.1.0-pre.3+1.20
	        \-- lavender-md-owo-ui 0.1.0-pre.3+1.20
	- tiered 1.2.0
	   |-- autotag 2.0.2+1.20
	   \-- reach-entity-attributes 2.4.0
	- tinyskeletons 8.0.1
	- tlc 1.0.1
	- toofast 1.2.0
	- tradingpost 8.0.2
	- transmog 1.3.0+1.20
	- transparent 8.0.1+1.20.1
	- travelersbackpack 9.1.37
	   \-- reach-entity-attributes 2.4.0
	- treechop 0.19.0
	- twigs 3.1.0
	- txnilib 1.0.24
	- unsafe-world-random-access-detector 1.1.0
	- veinmining 1.5.0+1.20.1
	- villagernames 8.2
	- villagersplus 3.1
	- vinery 1.4.39
	- visualworkbench 8.0.0
	- wands 2.7-beta
	- watut 1.20.1-1.2.3
	- waystones 14.1.17
	- windchimes 1.2.4+1.20
	- winterly 0.9.3+1.20
	- wither_spawn_fix MC1.20.1-1.0.0
	- wizards 1.4.1+1.20.1
	   \-- com_github_zsoltmolnarrr_tinyconfig 2.3.2
	- xaerominimap 25.2.6
	- xaeroworldmap 1.39.9
	- yet_another_config_lib_v3 3.6.6+1.20.1-fabric
	   |-- com_twelvemonkeys_common_common-image 3.12.0
	   |-- com_twelvemonkeys_common_common-io 3.12.0
	   |-- com_twelvemonkeys_common_common-lang 3.12.0
	   |-- com_twelvemonkeys_imageio_imageio-core 3.12.0
	   |-- com_twelvemonkeys_imageio_imageio-metadata 3.12.0
	   |-- com_twelvemonkeys_imageio_imageio-webp 3.12.0
	   |-- mixinextras 0.4.1
	   |-- org_quiltmc_parsers_gson 0.2.1
	   \-- org_quiltmc_parsers_json 0.2.1
	- yigd 2.0.16
	   \-- libgui 8.1.1+1.20.1
	        |-- jankson 6.0.0+j1.2.3
	        \-- libninepatch 1.2.0
	- yosbr 0.1.2
	- ysns 2.0.2
	- yungsapi 1.20-Fabric-4.0.6
	   \-- org_javassist_javassist 3.29.2-GA
	- yungsbridges 1.20-Fabric-4.0.3
	- zenith 1.2.5-1.20.1
	   |-- mm 2.3
	   \-- porting_lib_model_materials 2.3.4+1.20.1
	- zenith_attributes 0.2.10
	   |-- additionalentityattributes 1.7.6+1.20.1
	   |-- playerabilitylib 1.8.0
	   \-- reach-entity-attributes 2.4.0
[16:06:40] [main/INFO]: Applying default options... (YOSBR)
[16:06:40] [main/INFO]: Applying default options for /fancymenu_data/textures/backgrounds/stronghold.png from /config/yosbr/fancymenu_data/textures/backgrounds/stronghold.png
[16:06:40] [main/INFO]: Applying default options for /fancymenu_data/textures/backgrounds/loading_screen.png from /config/yosbr/fancymenu_data/textures/backgrounds/loading_screen.png
[16:06:40] [main/INFO]: Applying default options for /fancymenu_data/textures/backgrounds/loading_screen-remastered.png from /config/yosbr/fancymenu_data/textures/backgrounds/loading_screen-remastered.png
[16:06:40] [main/INFO]: Applying default options for /fancymenu_data/textures/backgrounds/separated.png from /config/yosbr/fancymenu_data/textures/backgrounds/separated.png
[16:06:40] [main/INFO]: Applying default options for /fancymenu_data/textures/icons/blank.png from /config/yosbr/fancymenu_data/textures/icons/blank.png
[16:06:40] [main/INFO]: Applying default options for /fancymenu_data/textures/icons/curseforge.png from /config/yosbr/fancymenu_data/textures/icons/curseforge.png
[16:06:40] [main/INFO]: Applying default options for /fancymenu_data/textures/icons/voids_invasion.png from /config/yosbr/fancymenu_data/textures/icons/voids_invasion.png
[16:06:40] [main/INFO]: Applying default options for /fancymenu_data/textures/icons/settings.png from /config/yosbr/fancymenu_data/textures/icons/settings.png
[16:06:40] [main/INFO]: Applying default options for /fancymenu_data/textures/icons/performanceguide.png from /config/yosbr/fancymenu_data/textures/icons/performanceguide.png
[16:06:40] [main/INFO]: Applying default options for /fancymenu_data/textures/icons/exit.png from /config/yosbr/fancymenu_data/textures/icons/exit.png
[16:06:40] [main/INFO]: Applying default options for /fancymenu_data/textures/icons/issues.png from /config/yosbr/fancymenu_data/textures/icons/issues.png
[16:06:40] [main/INFO]: Applying default options for /fancymenu_data/textures/icons/discord.png from /config/yosbr/fancymenu_data/textures/icons/discord.png
[16:06:40] [main/INFO]: Applying default options for /fancymenu_data/textures/icons/arrow.png from /config/yosbr/fancymenu_data/textures/icons/arrow.png
[16:06:40] [main/INFO]: Applying default options for /fancymenu_data/textures/icons/arrow_alt.png from /config/yosbr/fancymenu_data/textures/icons/arrow_alt.png
[16:06:40] [main/INFO]: Applying default options for /optionsviveprofiles.txt from /config/yosbr/optionsviveprofiles.txt
[16:06:40] [main/INFO]: Applying default options for /options.txt from /config/yosbr/options.txt
[16:06:40] [main/INFO]: Applying default options for /essential/config.toml from /config/yosbr/essential/config.toml
[16:06:40] [main/INFO]: Applying default options for /essential/onboarding.json from /config/yosbr/essential/onboarding.json
[16:06:41] [main/INFO]: SpongePowered MIXIN Subsystem Version=0.8.7 Source=file:/workspaces/serverminecraft/servidor_minecraft/libraries/net/fabricmc/sponge-mixin/0.15.5+mixin.0.8.7/sponge-mixin-0.15.5+mixin.0.8.7.jar Service=Knot/Fabric Env=SERVER
[16:06:41] [main/INFO]: Compatibility level set to JAVA_17
[16:06:41] [main/WARN]: Reference map 'aaa_particles-fabric-refmap.json' for aaa_particles.mixins.json could not be read. If this is a development environment you can ignore this message
[16:06:41] [main/WARN]: Reference map 'coroutil.refmap.json' for coroutil_fabric.mixins.json could not be read. If this is a development environment you can ignore this message
[16:06:41] [main/WARN]: Reference map '[common]ctov-common-refmap.json' for ctov-common.mixins.json could not be read. If this is a development environment you can ignore this message
[16:06:41] [main/INFO]: Preloading Debugify
[16:06:41] [main/WARN]: Reference map 'graveyard-FABRIC-fabric-refmap.json' for graveyard-fabric.mixins.json could not be read. If this is a development environment you can ignore this message
[16:06:41] [main/WARN]: Reference map 'icarus.refmap.json' for icarus.mixins.json could not be read. If this is a development environment you can ignore this message
[16:06:41] [main/WARN]: Reference map 'icarus.refmap.json' for icarus.fabric.mixins.json could not be read. If this is a development environment you can ignore this message
[16:06:41] [main/INFO]: File exists, reading config for elocindev.item_obliterator.fabric_quilt.config.ConfigEntries.
[16:06:41] [main/INFO]: Config for elocindev.item_obliterator.fabric_quilt.config.ConfigEntries read successfully.
[16:06:41] [main/WARN]: Reference map 'justhammers-common-refmap.json' for justhammers-common.mixins.json could not be read. If this is a development environment you can ignore this message
[16:06:41] [main/INFO]: Loaded configuration file for Lithium: 131 options available, 5 override(s) found
[16:06:41] [main/WARN]: Reference map 'lmft-fabric-refmap.json' for lmft.mixins.json could not be read. If this is a development environment you can ignore this message
[16:06:41] [main/WARN]: Reference map 'mobhealthbar-fabric-1.20.x-refmap.json' for mobhealthbar.mixins.json could not be read. If this is a development environment you can ignore this message
[16:06:42] [main/INFO]: Loaded configuration file for ModernFix 5.23.1+mc1.20.1: 69 options available, 3 override(s) found
[16:06:42] [main/WARN]: Option 'mixin.perf.faster_item_rendering' overriden (by user configuration) to 'true'
[16:06:42] [main/WARN]: Option 'mixin.perf.dynamic_resources' overriden (by user configuration) to 'true'
[16:06:42] [main/WARN]: Option 'mixin.perf.blast_search_trees' overriden (by user configuration) to 'false'
[16:06:42] [main/INFO]: Applying Nashorn fix
[16:06:42] [main/WARN]: Reference map 'mythic-mounts-refmap.json' for mythic-mounts.mixins.json could not be read. If this is a development environment you can ignore this message
[16:06:42] [main/WARN]: Reference map 'oceansdelight-refmap.json' for oceansdelight.mixins.json could not be read. If this is a development environment you can ignore this message
[16:06:42] [main/WARN]: Reference map 'OctoLib-COMMON-common-refmap.json' for octolib-common.mixins.json could not be read. If this is a development environment you can ignore this message
[16:06:42] [main/INFO]: Packet Fixer fabric 1.19.3-1.20.1 has been applied successfully.
[16:06:42] [main/WARN]: Reference map 'puzzlesaccessapi.common.refmap.json' for puzzlesaccessapi.common.mixins.json could not be read. If this is a development environment you can ignore this message
[16:06:42] [main/WARN]: Reference map 'puzzlesaccessapi.fabric.refmap.json' for puzzlesaccessapi.fabric.mixins.json could not be read. If this is a development environment you can ignore this message
[16:06:42] [main/WARN]: Reference map 'simplyswords-fabric-refmap.json' for simplyswords.mixins.json could not be read. If this is a development environment you can ignore this message
[16:06:42] [main/WARN]: Reference map 'starterkit_fabric.refmap.json' for starterkit_fabric.mixins.json could not be read. If this is a development environment you can ignore this message
[16:06:42] [main/WARN]: Reference map 'supermartijn642configlib.mixins.refmap.json' for supermartijn642configlib.mixins.json could not be read. If this is a development environment you can ignore this message
[16:06:42] [main/WARN]: Reference map 'thaumon-common-refmap.json' for thaumon-common.mixins.json could not be read. If this is a development environment you can ignore this message
[16:06:42] [main/WARN]: Error loading class: net/minecraft/class_881 (java.lang.ClassNotFoundException: net/minecraft/class_881)
[16:06:42] [main/WARN]: @Mixin target net.minecraft.class_881 was not found porting_lib_base.mixins.json:client.BoatRendererMixin from mod porting_lib_base
[16:06:42] [main/WARN]: Error loading class: net/minecraft/class_525 (java.lang.ClassNotFoundException: net/minecraft/class_525)
[16:06:42] [main/WARN]: @Mixin target net.minecraft.class_525 was not found porting_lib_base.mixins.json:client.CreateWorldScreenMixin from mod porting_lib_base
[16:06:42] [main/WARN]: Error loading class: net/minecraft/class_906 (java.lang.ClassNotFoundException: net/minecraft/class_906)
[16:06:42] [main/WARN]: @Mixin target net.minecraft.class_906 was not found porting_lib_tool_actions.mixins.json:FishingHookRendererMixin from mod porting_lib_tool_actions
[16:06:42] [main/WARN]: Error loading class: net/minecraft/class_761 (java.lang.ClassNotFoundException: net/minecraft/class_761)
[16:06:42] [main/WARN]: @Mixin target net.minecraft.class_761 was not found accessories-common.mixins.json:LevelRendererAccessor from mod accessories
[16:06:43] [main/WARN]: Error loading class: io/github/apace100/apoli/power/factory/condition/ConditionFactory (java.lang.ClassNotFoundException: io/github/apace100/apoli/power/factory/condition/ConditionFactory)
[16:06:43] [main/WARN]: Error loading class: link/infra/indium/renderer/helper/GeometryHelper (java.lang.ClassNotFoundException: link/infra/indium/renderer/helper/GeometryHelper)
[16:06:43] [main/WARN]: Error loading class: net/fabricmc/fabric/impl/client/indigo/renderer/helper/GeometryHelper (java.lang.ClassNotFoundException: net/fabricmc/fabric/impl/client/indigo/renderer/helper/GeometryHelper)
[16:06:43] [main/WARN]: Error loading class: me/jellysquid/mods/lithium/common/ai/pathing/PathNodeDefaults (java.lang.ClassNotFoundException: me/jellysquid/mods/lithium/common/ai/pathing/PathNodeDefaults)
[16:06:43] [main/WARN]: Error loading class: net/minecraft/class_310 (java.lang.ClassNotFoundException: net/minecraft/class_310)
[16:06:43] [main/WARN]: @Mixin target net.minecraft.class_310 was not found mixins.dynamic_resource_bars.json:compat.farmersdelight.BaseOverlayMixin from mod dynamic_resource_bars
[16:06:43] [main/INFO]: Loading Faster Random.
[16:06:43] [main/WARN]: Error loading class: net/minecraft/class_632 (java.lang.ClassNotFoundException: net/minecraft/class_632)
[16:06:43] [main/WARN]: @Mixin target net.minecraft.class_632 was not found lavender.mixins.json:ClientAdvancementManagerAccessor from mod lavender
[16:06:43] [main/WARN]: Force-disabling mixin 'ai.nearby_entity_tracking.EntityMixin' as rule 'mixin.ai.nearby_entity_tracking' (added by user configuration) disables it and children
[16:06:43] [main/WARN]: Force-disabling mixin 'ai.nearby_entity_tracking.EntityTrackingSectionMixin' as rule 'mixin.ai.nearby_entity_tracking' (added by user configuration) disables it and children
[16:06:43] [main/WARN]: Force-disabling mixin 'ai.nearby_entity_tracking.ServerEntityManagerAccessor' as rule 'mixin.ai.nearby_entity_tracking' (added by user configuration) disables it and children
[16:06:43] [main/WARN]: Force-disabling mixin 'ai.nearby_entity_tracking.ServerEntityManagerListenerMixin' as rule 'mixin.ai.nearby_entity_tracking' (added by user configuration) disables it and children
[16:06:43] [main/WARN]: Force-disabling mixin 'ai.nearby_entity_tracking.ServerEntityManagerMixin' as rule 'mixin.ai.nearby_entity_tracking' (added by user configuration) disables it and children
[16:06:43] [main/WARN]: Force-disabling mixin 'ai.nearby_entity_tracking.ServerWorldAccessor' as rule 'mixin.ai.nearby_entity_tracking' (added by user configuration) disables it and children
[16:06:43] [main/WARN]: Force-disabling mixin 'ai.nearby_entity_tracking.goals.FleeEntityGoalMixin' as rule 'mixin.ai.nearby_entity_tracking' (added by user configuration) disables it and children
[16:06:43] [main/WARN]: Force-disabling mixin 'ai.nearby_entity_tracking.goals.LookAtEntityGoalMixin' as rule 'mixin.ai.nearby_entity_tracking' (added by user configuration) disables it and children
[16:06:43] [main/WARN]: Force-disabling mixin 'ai.task.memory_change_counting.BrainMixin' as rule 'mixin.ai.task.memory_change_counting' (added by mods [smartbrainlib]) disables it and children
[16:06:43] [main/WARN]: Force-disabling mixin 'ai.task.memory_change_counting.MultiTickTaskMixin' as rule 'mixin.ai.task.memory_change_counting' (added by mods [smartbrainlib]) disables it and children
[16:06:43] [main/WARN]: Force-disabling mixin 'alloc.blockstate.StateMixin' as rule 'mixin.alloc.blockstate' (added by mods [ferritecore]) disables it and children
[16:06:43] [main/WARN]: Force-disabling mixin 'block.moving_block_shapes.PistonBlockEntityMixin' as rule 'mixin.block.moving_block_shapes' (added by mods [supplementaries]) disables it and children
[16:06:43] [main/WARN]: Force-disabling mixin 'block.moving_block_shapes.VoxelShapeMixin' as rule 'mixin.block.moving_block_shapes' (added by mods [supplementaries]) disables it and children
[16:06:43] [main/WARN]: Error loading class: net/minecraft/class_337$1 (java.lang.ClassNotFoundException: net/minecraft/class_337$1)
[16:06:43] [main/WARN]: @Mixin target net/minecraft/class_337$1 was not found minecells.mixins.json:client.hud.BossBarUpdaterMixin from mod minecells
[16:06:43] [main/WARN]: Error loading class: fr/catcore/server/translations/api/resource/language/SystemDelegatedLanguage (java.lang.ClassNotFoundException: fr/catcore/server/translations/api/resource/language/SystemDelegatedLanguage)
[16:06:43] [main/WARN]: Error loading class: draylar/magna/api/reach/ReachDistanceHelper (java.lang.ClassNotFoundException: draylar/magna/api/reach/ReachDistanceHelper)
[16:06:44] [main/INFO]: Loaded config for: recipeessentials.json
[16:06:44] [main/WARN]: Error loading class: com/nhoryzon/mc/farmersdelight/block/BuddingBushBlock (java.lang.ClassNotFoundException: com/nhoryzon/mc/farmersdelight/block/BuddingBushBlock)
[16:06:44] [main/WARN]: @Mixin target com.nhoryzon.mc.farmersdelight.block.BuddingBushBlock was not found seasonsdelightcompat.mixins.json:BuddingBushBlockMixin from mod seasonsdelightcompat
[16:06:44] [main/WARN]: Error loading class: com/nhoryzon/mc/farmersdelight/block/BuddingTomatoBlock (java.lang.ClassNotFoundException: com/nhoryzon/mc/farmersdelight/block/BuddingTomatoBlock)
[16:06:44] [main/WARN]: @Mixin target com.nhoryzon.mc.farmersdelight.block.BuddingTomatoBlock was not found seasonsdelightcompat.mixins.json:BuddingTomatoBlockMixin from mod seasonsdelightcompat
[16:06:44] [main/WARN]: Error loading class: com/nhoryzon/mc/farmersdelight/block/MushroomColonyBlock (java.lang.ClassNotFoundException: com/nhoryzon/mc/farmersdelight/block/MushroomColonyBlock)
[16:06:44] [main/WARN]: @Mixin target com.nhoryzon.mc.farmersdelight.block.MushroomColonyBlock was not found seasonsdelightcompat.mixins.json:MushroomColonyBlockMixin from mod seasonsdelightcompat
[16:06:44] [main/WARN]: Error loading class: com/nhoryzon/mc/farmersdelight/block/RiceCropBlock (java.lang.ClassNotFoundException: com/nhoryzon/mc/farmersdelight/block/RiceCropBlock)
[16:06:44] [main/WARN]: @Mixin target com.nhoryzon.mc.farmersdelight.block.RiceCropBlock was not found seasonsdelightcompat.mixins.json:RiceCropBlockMixin from mod seasonsdelightcompat
[16:06:44] [main/WARN]: Error loading class: com/nhoryzon/mc/farmersdelight/block/TomatoVineBlock (java.lang.ClassNotFoundException: com/nhoryzon/mc/farmersdelight/block/TomatoVineBlock)
[16:06:44] [main/WARN]: @Mixin target com.nhoryzon.mc.farmersdelight.block.TomatoVineBlock was not found seasonsdelightcompat.mixins.json:TomatoVineBlockMixin from mod seasonsdelightcompat
[16:06:44] [main/WARN]: Error loading class: net/minecraft/class_4267 (java.lang.ClassNotFoundException: net/minecraft/class_4267)
[16:06:44] [main/WARN]: @Mixin target net.minecraft.class_4267 was not found serverbrowser.mixins.json:ServerSelectionMixin from mod serverbrowser
[16:06:44] [main/WARN]: Error loading class: net/minecraft/class_329 (java.lang.ClassNotFoundException: net/minecraft/class_329)
[16:06:44] [main/WARN]: @Mixin target net.minecraft.class_329 was not found shield_overhaul.mixins.json:CursorIconMixin from mod shield_overhaul
[16:06:44] [main/INFO]: Loaded config for: structureessentials.json
[16:06:44] [main/WARN]: Error loading class: me/jellysquid/mods/sodium/client/render/chunk/compile/pipeline/FluidRenderer (java.lang.ClassNotFoundException: me/jellysquid/mods/sodium/client/render/chunk/compile/pipeline/FluidRenderer)
[16:06:44] [main/WARN]: Error loading class: com/ishland/c2me/fixes/worldgen/threading_issues/common/CheckedThreadLocalRandom (java.lang.ClassNotFoundException: com/ishland/c2me/fixes/worldgen/threading_issues/common/CheckedThreadLocalRandom)
[16:06:44] [main/WARN]: Error loading class: com/beansgalaxy/backpacks/compat/TrinketsRegistry$1 (java.lang.ClassNotFoundException: com/beansgalaxy/backpacks/compat/TrinketsRegistry$1)
[16:06:44] [main/WARN]: Error loading class: io/github/apace100/apoli/power/KeepInventoryPower (java.lang.ClassNotFoundException: io/github/apace100/apoli/power/KeepInventoryPower)
[16:06:44] [main/WARN]: Error loading class: net/minecraft/class_465 (java.lang.ClassNotFoundException: net/minecraft/class_465)
[16:06:44] [main/WARN]: @Mixin target net.minecraft.class_465 was not found zenith.mixins.json:AbstractContainerScreenAccessor from mod zenith
[16:06:44] [main/WARN]: Error loading class: net/minecraft/class_332 (java.lang.ClassNotFoundException: net/minecraft/class_332)
[16:06:44] [main/WARN]: @Mixin target net.minecraft.class_332 was not found zenith.mixins.json:GuiGraphicsAccessor from mod zenith
[16:06:44] [main/WARN]: Error loading class: net/minecraft/class_8002 (java.lang.ClassNotFoundException: net/minecraft/class_8002)
[16:06:44] [main/WARN]: @Mixin target net.minecraft.class_8002 was not found zenith.mixins.json:TooltipRenderUtilAccessor from mod zenith
[16:06:45] [main/WARN]: Error loading class: org/jetbrains/annotations/ApiStatus$Internal (java.lang.ClassNotFoundException: org/jetbrains/annotations/ApiStatus$Internal)
[16:06:45] [main/INFO]: Loaded local config
[16:06:45] [main/INFO]: Loaded server config
[16:06:45] [main/WARN]: launchTarget: SERVER. Crash Assistant is client only mod. Mod will do nothing!
[16:06:45] [main/INFO]: Initializing MixinExtras via com.llamalad7.mixinextras.service.MixinExtrasServiceImpl(version=0.4.1).
[16:06:49] [main/WARN]: @ModifyVariable(@At("INVOKE")) Shift.BY=2 on accessories-fabric.mixins.json:LivingEntityMixin from mod accessories::localvar$zfc000$accessories$adjustLooting exceeds the maximum allowed value: 0. Increase the value of maxShiftBy to suppress this warning.
[16:06:50] [main/WARN]: Method overwrite conflict for getContainerCounter in porting_lib_accessors.mixins.json:common.accessor.ServerPlayerAccessor from mod porting_lib_accessors, previously written by com.helliongames.snifferplus.mixin.MixinServerPlayer. Skipping method.
[16:06:50] [main/WARN]: Method overwrite conflict for getContainerCounter in moonlight.mixins.json:ServerPlayerAccessor from mod moonlight, previously written by com.helliongames.snifferplus.mixin.MixinServerPlayer. Skipping method.
[16:06:50] [main/INFO]: Mixing common.MixinFriendlyByteBuf from mixins/common/nochatreports.mixins.json into net.minecraft.class_2540
[16:06:50] [main/INFO]: Renaming synthetic method lambda$onWriteJsonWithCodec$1(Ljava/lang/Object;Ljava/lang/String;)Lio/netty/handler/codec/EncoderException; to md076ffe$nochatreports$lambda$onWriteJsonWithCodec$1$0 in mixins/common/nochatreports.mixins.json:common.MixinFriendlyByteBuf from mod nochatreports
[16:06:50] [main/INFO]: Renaming synthetic method lambda$onReadJsonWithCodec$0(Ljava/lang/String;)Lio/netty/handler/codec/DecoderException; to md076ffe$nochatreports$lambda$onReadJsonWithCodec$0$1 in mixins/common/nochatreports.mixins.json:common.MixinFriendlyByteBuf from mod nochatreports
[16:06:50] [main/WARN]: @ModifyConstant conflict. Skipping xlpackets.mixins.json:PacketByteBufMixin from mod thiccpackets->@ModifyConstant::xlPackets(J)J with priority 1000, already redirected by packetfixer.v1_19_3.fabric.mixins.json:v1_19_3_fabric.FriendlyByteBufMixin from mod packetfixer->@ModifyConstant::packetfixer$readNbt$newSize(J)J with priority 1000
[16:06:52] [main/INFO]: Injecting BlockStateBase cache population hook into getNeighborPathNodeType from me.jellysquid.mods.lithium.mixin.ai.pathing.AbstractBlockStateMixin
[16:06:52] [main/INFO]: Injecting BlockStateBase cache population hook into getPathNodeType from me.jellysquid.mods.lithium.mixin.ai.pathing.AbstractBlockStateMixin
[16:06:52] [main/INFO]: Injecting BlockStateBase cache population hook into getAllFlags from me.jellysquid.mods.lithium.mixin.util.block_tracking.AbstractBlockStateMixin
[16:06:52] [main/WARN]: @Redirect conflict. Skipping mixins.redirected_fabric_1.20.1.json:net.minecraft.world.level.block.piston.PistonBaseBlockMixin from mod redirected->@Redirect::redirectDirections()[Lnet/minecraft/class_2350; with priority 10, already redirected by lithium.mixins.json:alloc.enum_values.piston_block.PistonBlockMixin from mod lithium->@Redirect::removeAllocation()[Lnet/minecraft/class_2350; with priority 1000
[16:06:52] [main/WARN]: @Redirect conflict. Skipping mixins.redirected_fabric_1.20.1.json:net.minecraft.world.level.block.piston.PistonBaseBlockMixin from mod redirected->@Redirect::redirectDirections()[Lnet/minecraft/class_2350; with priority 10, already redirected by lithium.mixins.json:alloc.enum_values.piston_block.PistonBlockMixin from mod lithium->@Redirect::removeAllocation()[Lnet/minecraft/class_2350; with priority 1000
[16:06:52] [main/WARN]: @Redirect conflict. Skipping mixins.redirected_fabric_1.20.1.json:net.minecraft.world.level.block.RedStoneWireBlockMixin from mod redirected->@Redirect::redirectDirections()[Lnet/minecraft/class_2350; with priority 10, already redirected by lithium.mixins.json:alloc.enum_values.redstone_wire.RedstoneWireBlockMixin from mod lithium->@Redirect::removeAllocation1()[Lnet/minecraft/class_2350; with priority 1000
[16:06:52] [main/WARN]: @Redirect conflict. Skipping mixins.redirected_fabric_1.20.1.json:net.minecraft.world.level.block.RedStoneWireBlockMixin from mod redirected->@Redirect::redirectDirections()[Lnet/minecraft/class_2350; with priority 10, already redirected by lithium.mixins.json:alloc.enum_values.redstone_wire.RedstoneWireBlockMixin from mod lithium->@Redirect::removeAllocation2()[Lnet/minecraft/class_2350; with priority 1000
[16:06:54] [main/INFO]: Instancing error handler class dev.isxander.debugify.mixinplugin.DebugifyErrorHandler
[16:06:54] [main/INFO]: Instancing error handler class com.illusivesoulworks.polymorph.mixin.IntegratedMixinPlugin
[16:06:54] [main/WARN]: Mixin apply for mod necronomicon failed necronomicon-common.mixins.json:item.AnimatedItemNameMixin from mod necronomicon -> net.minecraft.class_1799: org.spongepowered.asm.mixin.injection.throwables.InvalidInjectionException Critical injection failure: @Inject annotation on getName could not find any targets matching 'getHoverName' in net/minecraft/class_1799. No refMap loaded. [handler$foo003$necronomicon$getName(Lorg/spongepowered/asm/mixin/injection/callback/CallbackInfoReturnable;)V -> Parse ->  -> Validate Targets]
org.spongepowered.asm.mixin.injection.throwables.InvalidInjectionException: Critical injection failure: @Inject annotation on getName could not find any targets matching 'getHoverName' in net/minecraft/class_1799. No refMap loaded. [handler$foo003$necronomicon$getName(Lorg/spongepowered/asm/mixin/injection/callback/CallbackInfoReturnable;)V -> Parse ->  -> Validate Targets]
	at org.spongepowered.asm.mixin.injection.selectors.TargetSelectors.validate(TargetSelectors.java:346) ~[sponge-mixin-0.15.5+mixin.0.8.7.jar:0.15.5+mixin.0.8.7]
	at org.spongepowered.asm.mixin.injection.struct.InjectionInfo.readAnnotation(InjectionInfo.java:369) ~[sponge-mixin-0.15.5+mixin.0.8.7.jar:0.15.5+mixin.0.8.7]
	at org.spongepowered.asm.mixin.injection.struct.InjectionInfo.<init>(InjectionInfo.java:340) ~[sponge-mixin-0.15.5+mixin.0.8.7.jar:0.15.5+mixin.0.8.7]
	at org.spongepowered.asm.mixin.injection.struct.InjectionInfo.<init>(InjectionInfo.java:331) ~[sponge-mixin-0.15.5+mixin.0.8.7.jar:0.15.5+mixin.0.8.7]
	at org.spongepowered.asm.mixin.injection.struct.CallbackInjectionInfo.<init>(CallbackInjectionInfo.java:48) ~[sponge-mixin-0.15.5+mixin.0.8.7.jar:0.15.5+mixin.0.8.7]
	at jdk.internal.reflect.GeneratedConstructorAccessor24.newInstance(Unknown Source) ~[?:?]
	at jdk.internal.reflect.DelegatingConstructorAccessorImpl.newInstance(DelegatingConstructorAccessorImpl.java:45) ~[?:?]
	at java.lang.reflect.Constructor.newInstanceWithCaller(Constructor.java:500) ~[?:?]
	at java.lang.reflect.Constructor.newInstance(Constructor.java:481) ~[?:?]
	at org.spongepowered.asm.mixin.injection.struct.InjectionInfo$InjectorEntry.create(InjectionInfo.java:196) ~[sponge-mixin-0.15.5+mixin.0.8.7.jar:0.15.5+mixin.0.8.7]
	at org.spongepowered.asm.mixin.injection.struct.InjectionInfo.parse(InjectionInfo.java:664) ~[sponge-mixin-0.15.5+mixin.0.8.7.jar:0.15.5+mixin.0.8.7]
	at org.spongepowered.asm.mixin.transformer.MixinTargetContext.prepareInjections(MixinTargetContext.java:1399) ~[sponge-mixin-0.15.5+mixin.0.8.7.jar:0.15.5+mixin.0.8.7]
	at org.spongepowered.asm.mixin.transformer.MixinApplicatorStandard.prepareInjections(MixinApplicatorStandard.java:731) ~[sponge-mixin-0.15.5+mixin.0.8.7.jar:0.15.5+mixin.0.8.7]
	at org.spongepowered.asm.mixin.transformer.MixinApplicatorStandard.applyMixin(MixinApplicatorStandard.java:315) ~[sponge-mixin-0.15.5+mixin.0.8.7.jar:0.15.5+mixin.0.8.7]
	at org.spongepowered.asm.mixin.transformer.MixinApplicatorStandard.apply(MixinApplicatorStandard.java:246) ~[sponge-mixin-0.15.5+mixin.0.8.7.jar:0.15.5+mixin.0.8.7]
	at org.spongepowered.asm.mixin.transformer.TargetClassContext.apply(TargetClassContext.java:437) ~[sponge-mixin-0.15.5+mixin.0.8.7.jar:0.15.5+mixin.0.8.7]
	at org.spongepowered.asm.mixin.transformer.TargetClassContext.applyMixins(TargetClassContext.java:418) ~[sponge-mixin-0.15.5+mixin.0.8.7.jar:0.15.5+mixin.0.8.7]
	at org.spongepowered.asm.mixin.transformer.MixinProcessor.applyMixins(MixinProcessor.java:363) ~[sponge-mixin-0.15.5+mixin.0.8.7.jar:0.15.5+mixin.0.8.7]
	at org.spongepowered.asm.mixin.transformer.MixinTransformer.transformClass(MixinTransformer.java:234) ~[sponge-mixin-0.15.5+mixin.0.8.7.jar:0.15.5+mixin.0.8.7]
	at org.spongepowered.asm.mixin.transformer.MixinTransformer.transformClassBytes(MixinTransformer.java:202) ~[sponge-mixin-0.15.5+mixin.0.8.7.jar:0.15.5+mixin.0.8.7]
	at net.fabricmc.loader.impl.launch.knot.KnotClassDelegate.getPostMixinClassByteArray(KnotClassDelegate.java:422) ~[fabric-loader-0.16.14.jar:?]
	at net.fabricmc.loader.impl.launch.knot.KnotClassDelegate.tryLoadClass(KnotClassDelegate.java:323) ~[fabric-loader-0.16.14.jar:?]
	at net.fabricmc.loader.impl.launch.knot.KnotClassDelegate.loadClass(KnotClassDelegate.java:218) ~[fabric-loader-0.16.14.jar:?]
	at net.fabricmc.loader.impl.launch.knot.KnotClassLoader.loadClass(KnotClassLoader.java:119) ~[fabric-loader-0.16.14.jar:?]
	at java.lang.ClassLoader.loadClass(ClassLoader.java:525) ~[?:?]
	at net.minecraft.class_5620.method_32211(class_5620.java:39) ~[server-intermediary.jar:?]
	at net.minecraft.class_156.method_654(class_156.java:436) ~[server-intermediary.jar:?]
	at net.minecraft.class_5620.method_32206(class_5620.java:39) ~[server-intermediary.jar:?]
	at net.minecraft.class_5620.<clinit>(class_5620.java:33) ~[server-intermediary.jar:?]
	at net.minecraft.class_5546.<init>(class_5546.java:17) ~[server-intermediary.jar:?]
	at net.minecraft.class_2246.<clinit>(class_2246.java:477) ~[server-intermediary.jar:?]
	at net.minecraft.class_2358.method_10199(class_2358.java:326) ~[server-intermediary.jar:?]
	at net.minecraft.class_2966.method_12851(class_2966.java:54) ~[server-intermediary.jar:?]
	at net.minecraft.server.Main.main(Main.java:109) ~[server-intermediary.jar:?]
	at net.fabricmc.loader.impl.game.minecraft.MinecraftGameProvider.launch(MinecraftGameProvider.java:480) ~[fabric-loader-0.16.14.jar:?]
	at net.fabricmc.loader.impl.launch.knot.Knot.launch(Knot.java:74) ~[fabric-loader-0.16.14.jar:?]
	at net.fabricmc.loader.impl.launch.knot.KnotServer.main(KnotServer.java:23) ~[fabric-loader-0.16.14.jar:?]
	at net.fabricmc.loader.impl.launch.server.FabricServerLauncher.main(FabricServerLauncher.java:69) ~[fabric-loader-0.16.14.jar:?]
	at net.fabricmc.installer.ServerLauncher.main(ServerLauncher.java:69) ~[fabric-server-launch.jar:1.0.1]
[16:06:54] [main/WARN]: Method overwrite conflict for method_7844 in ranged_weapon_api.mixins.json:item.RangedWeaponItemMixin from mod ranged_weapon_api, previously written by net.projectile_damage.mixin.RangedWeaponItemMixin. Skipping method.
[16:06:57] [main/INFO]: Mixing server.MixinServerGamePacketListenerImpl from mixins/common/nochatreports.mixins.json into net.minecraft.class_3244
[16:06:57] [main/WARN]: @Inject(@At("INVOKE")) Shift.BY=2 on accessories-common.mixins.json:NbtCompoundMixin from mod accessories::handler$zfn000$accessories$adjustCheckForListVariants exceeds the maximum allowed value: 0. Increase the value of maxShiftBy to suppress this warning.
[16:06:58] [main/INFO]: [Kibe] Creating Trinket AbilityRing for minecraft:mayfly
[16:06:58] [main/INFO]: [Kibe] Creating Trinket AbilityRing for kibe:magma_ability
[16:06:58] [main/INFO]: [Kibe] Creating Trinket AbilityRing for kibe:water_ability
[16:06:58] [main/INFO]: [Kibe] Trying to read config file...
[16:06:58] [main/INFO]: [Kibe] A config file was found, loading it..
[16:06:58] [main/INFO]: [Kibe] Successfully loaded config file.
[16:06:59] [main/WARN]: Static binding violation: PRIVATE @Overwrite method method_21740 in modernfix-common.mixins.json:perf.remove_biome_temperature_cache.BiomeMixin from mod modernfix cannot reduce visibiliy of PUBLIC target method, visibility will be upgraded.
[16:06:59] [main/WARN]: Method overwrite conflict for method_21740 in modernfix-common.mixins.json:perf.remove_biome_temperature_cache.BiomeMixin from mod modernfix, previously written by me.jellysquid.mods.lithium.mixin.world.temperature_cache.BiomeMixin. Skipping method.
[16:07:00] [main/INFO]: Vanilla bootstrap took 9810 milliseconds
[16:07:00] [main/INFO]: [bclib] Added Config betternether.main to auto sync (file hash)
[16:07:00] [main/INFO]: [bclib] Added Config betternether.generator to auto sync (file hash)
[16:07:00] [main/INFO]: [bclib] Added Config betternether.blocks to auto sync (file hash)
[16:07:00] [main/INFO]: [bclib] Added Config betternether.items to auto sync (file hash)
[16:07:00] [main/INFO]: [bclib] Added Config betternether.biomes to auto sync (file hash)
[16:07:00] [main/INFO]: [bclib] Added Config betternether.mobs to auto sync (file hash)
[16:07:00] [main/INFO]: [bclib] Added Config betternether.recipes to auto sync (file hash)
[16:07:01] [main/WARN]: [bclib] Recipe betternether:bone_block_bone_button only takes in a single item and should be shapeless
[16:07:01] [main/ERROR]: Entity eldritch_end:ominous_eye has no attributes
[16:07:01] [main/ERROR]: Entity eldritch_end:aberration has no attributes
[16:07:01] [main/ERROR]: Entity eldritch_end:tentacle has no attributes
[16:07:01] [main/ERROR]: Entity eldritch_end:undead_tentacle has no attributes
[16:07:01] [main/ERROR]: Entity eldritch_end:dendler has no attributes
[16:07:01] [main/ERROR]: Entity eldritch_end:the_faceless has no attributes
[16:07:01] [main/INFO]: Registering C2S receiver with id aaa_particles:main/2b101225a0983c178c43c737d76def52
[16:07:01] [main/INFO]: Registering C2S receiver with id aaa_particles:main/878ba3ad853235668eff51eb0a40c900
[16:07:01] [main/INFO]: Registering C2S receiver with id aaa_particles:main/878ba3ad853235668eff51eb0a40c900
[16:07:01] [main/INFO]: Registering C2S receiver with id aaa_particles:main/9b5bc39f00d53db2acf81d859b596583
[16:07:02] [main/INFO]: Registered Trinkets Reloaded Listeners
[16:07:03] [main/INFO]: Initializing platform helper for Advanced Netherite!
[16:07:03] [main/INFO]: [AllTheTrims] Config loaded
[16:07:03] [main/INFO]: Loaded config amendments-common.json
[16:07:03] [main/INFO]: [Animal Feeding Trough] Load Complete! Enjoy :D
[16:07:03] [main/INFO]: [AqUpd's mobs] Caracal mod is loaded!
[16:07:03] [main/INFO]: Registering Mod Items for archers_expansion
[16:07:03] [main/INFO]: Registering Item Groups for archers_expansion
[16:07:04] [main/INFO]: Registering C2S receiver with id artifacts:networking_channel/42a7ad70b1cc371599a0eff744096b8a
[16:07:04] [main/INFO]: Registering C2S receiver with id artifacts:networking_channel/74a5e841822a3a87854ae896a33430d6
[16:07:04] [main/INFO]: Registering C2S receiver with id artifacts:networking_channel/eb3d1e2748533430848cadf0f37c7e9c
[16:07:04] [main/INFO]: Registering C2S receiver with id artifacts:networking_channel/91c8520f19f93b3e8b6a727568e194ab
[16:07:04] [main/INFO]: Registering C2S receiver with id artifacts:networking_channel/8c2784d778293fd482ed84b8aa5fedb9
[16:07:04] [main/INFO]: Registering C2S receiver with id artifacts:networking_channel/ea038224ea783d40b2863f52239e2604
[16:07:04] [main/INFO]: Registering C2S receiver with id artifacts:networking_channel/97ad64b7ecaf33209991c4f031501a58
[16:07:04] [main/INFO]: Registered azurelib config for auto-sync function
[16:07:04] [main/INFO]: Constructing common components for barteringstation:main
[16:07:04] [main/INFO]: Better Compatibility Checker starting
[16:07:04] [main/INFO]: Loading config file
[16:07:04] [main/INFO]: Config file loaded
[16:07:04] [main/INFO]: [bclib] Added Config bclib.generator to auto sync (file hash)
[16:07:04] [main/INFO]: [bclib] Added Config bclib.main to auto sync (content diff)
[16:07:04] [main/INFO]: [bclib] Added Config bclib.biomes to auto sync (file hash)
[16:07:04] [main/INFO]: Better Archeology says Hello
[16:07:04] [main/INFO]: Registering Items from betterarcheology
[16:07:04] [main/INFO]: Registering Blocks from betterarcheology
[16:07:04] [main/INFO]: ModEntityTypes of betterarcheology registered.
[16:07:04] [main/INFO]: Registering JEI Recipe Serializers for betterarcheology
[16:07:04] [main/INFO]: Registering Enchantments for betterarcheology
[16:07:04] [main/WARN]: @ModifyConstant conflict. Skipping xlpackets.mixins.json:ClientboundCustomPayloadPacketMixin from mod thiccpackets->@ModifyConstant::xlPackets(I)I with priority 1000, already redirected by packetfixer.v1_19_3.fabric.mixins.json:v1_19_3_fabric.ClientboundCustomPayloadPacketMixin from mod packetfixer->@ModifyConstant::packetfixer$newSize(I)I with priority 1000
[16:07:04] [main/WARN]: @ModifyConstant conflict. Skipping connectivity.mixins.json:ClientboundCustomPayloadPacketMixin from mod connectivity->@ModifyConstant::modifyLimit(I)I with priority 1, already redirected by packetfixer.v1_19_3.fabric.mixins.json:v1_19_3_fabric.ClientboundCustomPayloadPacketMixin from mod packetfixer->@ModifyConstant::packetfixer$newSize(I)I with priority 1000
[16:07:04] [main/INFO]: Reflections took 73 ms to scan 1 urls, producing 1 keys and 2 values
[16:07:05] [main/INFO]: Reflections took 3 ms to scan 1 urls, producing 1 keys and 2 values
[16:07:05] [main/INFO]: Reflections took 5 ms to scan 1 urls, producing 1 keys and 3 values
[16:07:05] [main/INFO]: Reflections took 2 ms to scan 1 urls, producing 1 keys and 3 values
[16:07:05] [main/INFO]: [bclib] Added Config betterend.entities to auto sync (file hash)
[16:07:05] [main/INFO]: [bclib] Added Config betterend.blocks to auto sync (file hash)
[16:07:05] [main/INFO]: [bclib] Added Config betterend.items to auto sync (file hash)
[16:07:05] [main/INFO]: [bclib] Added Config betterend.biomes to auto sync (file hash)
[16:07:05] [main/INFO]: [bclib] Added Config betterend.recipes to auto sync (file hash)
[16:07:05] [main/INFO]: [bclib] Added Config betterend.enchantments to auto sync (file hash)
[16:07:05] [main/INFO]: Hello Fabric world!
[16:07:05] [main/INFO]: Reflections took 2 ms to scan 1 urls, producing 1 keys and 2 values
[16:07:05] [main/INFO]: Reflections took 1 ms to scan 1 urls, producing 1 keys and 2 values
[16:07:05] [main/INFO]: Reflections took 3 ms to scan 1 urls, producing 1 keys and 1 values
[16:07:05] [main/INFO]: Reflections took 1 ms to scan 1 urls, producing 1 keys and 1 values
[16:07:05] [main/INFO]: Reflections took 2 ms to scan 1 urls, producing 1 keys and 3 values
[16:07:05] [main/INFO]: Reflections took 2 ms to scan 1 urls, producing 1 keys and 3 values
[16:07:05] [main/INFO]: Reflections took 5 ms to scan 1 urls, producing 1 keys and 2 values
[16:07:05] [main/INFO]: Reflections took 1 ms to scan 1 urls, producing 1 keys and 2 values
[16:07:05] [main/INFO]: [betternether] =^..^=    BetterNether for 1.20    =^..^=
[16:07:05] [main/WARN]: @Redirect conflict. Skipping mixins.redirected_fabric_1.20.1.json:net.minecraft.world.level.block.state.CacheMixin from mod redirected->@Redirect::redirectSupportTypes()[Lnet/minecraft/class_5431; with priority 10, already redirected by modernfix-common.mixins.json:perf.cache_blockstate_cache_arrays.AbstractBlockStateCacheMixin from mod modernfix->@Redirect::getVoxelShapeValues()[Lnet/minecraft/class_5431; with priority 1000
[16:07:06] [main/INFO]: Reflections took 1 ms to scan 1 urls, producing 1 keys and 1 values
[16:07:06] [main/INFO]: Reflections took 1 ms to scan 1 urls, producing 1 keys and 1 values
[16:07:06] [main/INFO]: Reflections took 3 ms to scan 1 urls, producing 1 keys and 2 values
[16:07:06] [main/INFO]: Reflections took 1 ms to scan 1 urls, producing 1 keys and 2 values
[16:07:06] [main/INFO]: Reflections took 0 ms to scan 1 urls, producing 1 keys and 1 values
[16:07:06] [main/INFO]: Reflections took 1 ms to scan 1 urls, producing 1 keys and 1 values
[16:07:06] [main/INFO]: Biolith is initializing...
[16:07:06] [main/INFO]: Enabling Biolith's TerraBlender compatibility layer.
[16:07:06] [main/INFO]: Constructing common components for blockrunner:main
[16:07:06] [main/INFO]: BoatBreakFix initialized
[16:07:06] [main/INFO]: Fixing MC-151457. Crafting remainder for minecraft:pufferfish_bucket is now minecraft:bucket.
[16:07:06] [main/INFO]: Fixing MC-151457. Crafting remainder for minecraft:salmon_bucket is now minecraft:bucket.
[16:07:06] [main/INFO]: Fixing MC-151457. Crafting remainder for minecraft:cod_bucket is now minecraft:bucket.
[16:07:06] [main/INFO]: Fixing MC-151457. Crafting remainder for minecraft:tropical_fish_bucket is now minecraft:bucket.
[16:07:06] [main/INFO]: Fixing MC-151457. Crafting remainder for minecraft:axolotl_bucket is now minecraft:bucket.
[16:07:06] [main/INFO]: Fixing MC-151457. Crafting remainder for minecraft:powder_snow_bucket is now minecraft:bucket.
[16:07:06] [main/INFO]: Fixing MC-151457. Crafting remainder for minecraft:tadpole_bucket is now minecraft:bucket.
[16:07:07] [main/INFO]: Registering C2S receiver with id brewery:alcohol_sync_request
[16:07:07] [main/INFO]: Registering C2S receiver with id brewery:drink_alcohol
[16:07:07] [main/INFO]: Hello Fabric world!
[16:07:07] [main/INFO]: [STDOUT]: All 6 have been set properly
[16:07:07] [main/INFO]: Loading Collective version 8.3.
[16:07:07] [main/INFO]: File exists, reading config for elocindev.combat_effects.config.entries.MainConfig.
[16:07:07] [main/INFO]: Config for elocindev.combat_effects.config.entries.MainConfig read successfully.
[16:07:08] [main/INFO]: Initialized entity types.
[16:07:08] [main/INFO]: Connectivity initialized
[16:07:08] [Cicada thread 0/INFO]: [cicada] I used the JSON to destroy the JSON.
[16:07:08] [main/INFO]: fabric loader environment detected
[16:07:10] [main/INFO]: Hello 1.20.1 Create!
[16:07:10] [main/INFO]: File exists, reading config for elocindev.create_questing.fabric.config.ConfigEntries.
[16:07:10] [main/INFO]: Config for elocindev.create_questing.fabric.config.ConfigEntries read successfully.
[16:07:10] [main/INFO]: Loaded Create Questing Config
[16:07:11] [main/WARN]: Tried to register an overly high cookTime: 57600 > 32767! (air)
[16:07:11] [main/INFO]: [STDOUT]: Create Crafts & Additions Initialized!
[16:07:11] [main/INFO]: Creating default config file: croptopia_v3.conf
[16:07:11] [main/INFO]: Loaded config for: cupboard.json
[16:07:11] [main/INFO]: File exists, reading config for elocindev.customentityattributes.config.CEABasicConfig.
[16:07:11] [main/INFO]: Config for elocindev.customentityattributes.config.CEABasicConfig read successfully.
[16:07:11] [main/INFO]: File exists, reading config for elocindev.customentityattributes.config.CEAAdvancedConfig.
[16:07:11] [main/INFO]: Config for elocindev.customentityattributes.config.CEAAdvancedConfig read successfully.
[16:07:11] [main/INFO]: File exists, reading config for elocindev.customitemattributes.config.CIAConfig.
[16:07:11] [main/INFO]: Config for elocindev.customitemattributes.config.CIAConfig read successfully.
[16:07:11] [main/INFO]: File exists, reading config for elocindev.deathknights.config.entries.enchants.DecayingEnchantConfig.
[16:07:11] [main/INFO]: Config for elocindev.deathknights.config.entries.enchants.DecayingEnchantConfig read successfully.
[16:07:11] [main/INFO]: File exists, reading config for elocindev.deathknights.config.entries.loot.JewelryLootConfig.
[16:07:11] [main/INFO]: Config for elocindev.deathknights.config.entries.loot.JewelryLootConfig read successfully.
[16:07:11] [main/INFO]: File exists, reading config for elocindev.deathknights.config.entries.spells.frost.ObliterateConfig.
[16:07:11] [main/INFO]: Config for elocindev.deathknights.config.entries.spells.frost.ObliterateConfig read successfully.
[16:07:11] [main/INFO]: File exists, reading config for elocindev.deathknights.config.entries.spells.frost.RemorselessWinterConfig.
[16:07:11] [main/INFO]: Config for elocindev.deathknights.config.entries.spells.frost.RemorselessWinterConfig read successfully.
[16:07:11] [main/INFO]: File exists, reading config for elocindev.deathknights.config.entries.spells.frost.BreathOfAgonyConfig.
[16:07:11] [main/INFO]: Config for elocindev.deathknights.config.entries.spells.frost.BreathOfAgonyConfig read successfully.
[16:07:11] [main/INFO]: File exists, reading config for elocindev.deathknights.config.entries.spells.unholy.PlaguesConfig.
[16:07:11] [main/INFO]: Config for elocindev.deathknights.config.entries.spells.unholy.PlaguesConfig read successfully.
[16:07:11] [main/INFO]: File exists, reading config for elocindev.deathknights.config.entries.spells.unholy.DeathCoilConfig.
[16:07:11] [main/INFO]: Config for elocindev.deathknights.config.entries.spells.unholy.DeathCoilConfig read successfully.
[16:07:11] [main/INFO]: File exists, reading config for elocindev.deathknights.config.entries.spells.unholy.EpidemicConfig.
[16:07:11] [main/INFO]: Config for elocindev.deathknights.config.entries.spells.unholy.EpidemicConfig read successfully.
[16:07:11] [main/INFO]: File exists, reading config for elocindev.deathknights.config.entries.spells.unholy.DeathGripConfig.
[16:07:11] [main/INFO]: Config for elocindev.deathknights.config.entries.spells.unholy.DeathGripConfig read successfully.
[16:07:11] [main/INFO]: File exists, reading config for elocindev.deathknights.config.entries.spells.blood.DeathStrikeConfig.
[16:07:11] [main/INFO]: Config for elocindev.deathknights.config.entries.spells.blood.DeathStrikeConfig read successfully.
[16:07:11] [main/INFO]: File exists, reading config for elocindev.deathknights.config.entries.spells.blood.MarrowrendConfig.
[16:07:11] [main/INFO]: Config for elocindev.deathknights.config.entries.spells.blood.MarrowrendConfig read successfully.
[16:07:11] [main/INFO]: File exists, reading config for elocindev.deathknights.config.entries.spells.blood.BloodBoilConfig.
[16:07:11] [main/INFO]: Config for elocindev.deathknights.config.entries.spells.blood.BloodBoilConfig read successfully.
[16:07:11] [main/INFO]: File exists, reading config for elocindev.deathknights.config.entries.spells.blood.BloodThirstConfig.
[16:07:11] [main/INFO]: Config for elocindev.deathknights.config.entries.spells.blood.BloodThirstConfig read successfully.
[16:07:11] [main/INFO]: Death Knights Config Loaded!
[16:07:11] [main/INFO]: Death Knights Initialized!
[16:07:11] [main/INFO]: Saving config because the loaded bug fixes are different to stored json.
[16:07:11] [main/INFO]: Saving Debugify
[16:07:11] [main/INFO]: Enabled 2 bug fixes: [MC-89146, MC-199467]
[16:07:11] [main/INFO]: Successfully Debugify'd your game!
[16:07:12] [main/INFO]: Bypassed Mojang DFU
[16:07:12] [main/INFO]: Instantiating Mojang DFU
[16:07:12] [main/ERROR]: No data fixer registered for crystallized_amber
[16:07:12] [main/ERROR]: No data fixer registered for sculk_jaw
[16:07:13] [main/INFO]: Derelict initializing
[16:07:13] [main/INFO]: Loaded DEUF Refabricated Config
[16:07:13] [main/INFO]: Loaded config dummmmmmy-common.json
[16:07:13] [main/WARN]: Lithium detected. MmmMmmMmmMmm scarecrow mode might not work well due to a lithium bug (the mod doesnt have a way to add goals to new entities)
[16:07:13] [main/INFO]: File exists, reading config for elocindev.eldritch_end.config.entries.biomes.PrimordialAbyssConfig.
[16:07:13] [main/INFO]: Config for elocindev.eldritch_end.config.entries.biomes.PrimordialAbyssConfig read successfully.
[16:07:13] [main/INFO]: File exists, reading config for elocindev.eldritch_end.config.entries.biomes.HasturianWastesConfig.
[16:07:13] [main/INFO]: Config for elocindev.eldritch_end.config.entries.biomes.HasturianWastesConfig read successfully.
[16:07:13] [main/INFO]: File exists, reading config for elocindev.eldritch_end.config.entries.entities.AberrationConfig.
[16:07:13] [main/INFO]: Config for elocindev.eldritch_end.config.entries.entities.AberrationConfig read successfully.
[16:07:13] [main/INFO]: File exists, reading config for elocindev.eldritch_end.config.entries.entities.TentacleConfig.
[16:07:13] [main/INFO]: Config for elocindev.eldritch_end.config.entries.entities.TentacleConfig read successfully.
[16:07:13] [main/INFO]: File exists, reading config for elocindev.eldritch_end.config.entries.entities.DendlerConfig.
[16:07:13] [main/INFO]: Config for elocindev.eldritch_end.config.entries.entities.DendlerConfig read successfully.
[16:07:13] [main/INFO]: File exists, reading config for elocindev.eldritch_end.config.entries.entities.boss.FacelessConfig.
[16:07:13] [main/INFO]: Config for elocindev.eldritch_end.config.entries.entities.boss.FacelessConfig read successfully.
[16:07:13] [main/INFO]: File exists, reading config for elocindev.eldritch_end.config.entries.entities.boss.HasturConfig.
[16:07:13] [main/INFO]: Config for elocindev.eldritch_end.config.entries.entities.boss.HasturConfig read successfully.
[16:07:13] [main/INFO]: File exists, reading config for elocindev.eldritch_end.config.entries.entities.boss.EyeConfig.
[16:07:13] [main/INFO]: Config for elocindev.eldritch_end.config.entries.entities.boss.EyeConfig read successfully.
[16:07:13] [main/INFO]: File exists, reading config for elocindev.eldritch_end.config.entries.mechanics.CorruptionConfig.
[16:07:13] [main/INFO]: Config for elocindev.eldritch_end.config.entries.mechanics.CorruptionConfig read successfully.
[16:07:13] [main/INFO]: File exists, reading config for elocindev.eldritch_end.config.entries.mechanics.InfusionConfig.
[16:07:13] [main/INFO]: Config for elocindev.eldritch_end.config.entries.mechanics.InfusionConfig read successfully.
[16:07:13] [main/INFO]: File exists, reading config for elocindev.eldritch_end.config.entries.item.XalConfig.
[16:07:13] [main/INFO]: Config for elocindev.eldritch_end.config.entries.item.XalConfig read successfully.
[16:07:13] [main/INFO]: Eldritch End's Config Loaded!
[16:07:13] [main/INFO]: Registered Eldritch End items
[16:07:13] [main/INFO]: Loaded config :emi_loot_config in 443ms
[16:07:13] [main/INFO]: Registering Item Group for ends_delight
[16:07:13] [main/INFO]: Registering Mod Blocks for ends_delight
[16:07:13] [main/INFO]: Registering Mod Features for ends_delight
[16:07:13] [main/INFO]: Injecting Estrogen into your veins!
[16:07:13] [main/INFO]: ExpandAbility here, who dis?
[16:07:13] [main/INFO]: Hello Fabric world!
[16:07:14] [main/INFO]: Look at the cleanse, look at the moves!
[16:07:14] [Placebo (FakerLib) Patreon Wing Loader/INFO]: Loading patreon wing data...
[16:07:14] [Placebo (FakerLib) Patreon Trail Loader/INFO]: Loading patreon trails data...
[16:07:14] [main/INFO]: File exists, reading config for elocindev.fancy_hotbar.config.FancyHotbarConfig.
[16:07:14] [main/INFO]: Config for elocindev.fancy_hotbar.config.FancyHotbarConfig read successfully.
[16:07:14] [Placebo (FakerLib) Patreon Wing Loader/INFO]: Loaded 25 patreon wings.
[16:07:14] [Placebo (FakerLib) Patreon Trail Loader/INFO]: Loaded 33 patreon trails.
[16:07:14] [main/INFO]: Farmer's Knives loaded!
[16:07:14] [main/INFO]: Initialized Frostiful!
[16:07:14] [main/INFO]: Registering C2S receiver with id ftblibrary:edit_nbt_response
[16:07:14] [main/INFO]: Registering C2S receiver with id ftbquests:submit_task
[16:07:14] [main/INFO]: Registering C2S receiver with id ftbquests:claim_reward
[16:07:14] [main/INFO]: Registering C2S receiver with id ftbquests:get_emergency_items
[16:07:14] [main/INFO]: Registering C2S receiver with id ftbquests:claim_all_rewards
[16:07:14] [main/INFO]: Registering C2S receiver with id ftbquests:claim_choice_reward
[16:07:14] [main/INFO]: Registering C2S receiver with id ftbquests:toggle_pinned
[16:07:14] [main/INFO]: Registering C2S receiver with id ftbquests:toggle_chapter_pinned
[16:07:14] [main/INFO]: Registering C2S receiver with id ftbquests:toggle_editing_mode
[16:07:14] [main/INFO]: Registering C2S receiver with id ftbquests:force_save
[16:07:14] [main/INFO]: Registering C2S receiver with id ftbquests:set_custom_image
[16:07:14] [main/INFO]: Registering C2S receiver with id ftbquests:task_screen_config_resp
[16:07:14] [main/INFO]: Registering C2S receiver with id ftbquests:change_progress
[16:07:14] [main/INFO]: Registering C2S receiver with id ftbquests:create_object
[16:07:14] [main/INFO]: Registering C2S receiver with id ftbquests:create_task_at
[16:07:14] [main/INFO]: Registering C2S receiver with id ftbquests:delete_object
[16:07:14] [main/INFO]: Registering C2S receiver with id ftbquests:edit_object
[16:07:14] [main/INFO]: Registering C2S receiver with id ftbquests:move_chapter
[16:07:14] [main/INFO]: Registering C2S receiver with id ftbquests:move_quest
[16:07:14] [main/INFO]: Registering C2S receiver with id ftbquests:change_chapter_group
[16:07:14] [main/INFO]: Registering C2S receiver with id ftbquests:move_chapter_group
[16:07:14] [main/INFO]: Registering C2S receiver with id ftbquests:copy_quest
[16:07:14] [main/INFO]: Registering C2S receiver with id ftbquests:copy_chapter_image
[16:07:14] [main/INFO]: Registering C2S receiver with id ftbquests:sync_structures_request
[16:07:14] [main/INFO]: Registering C2S receiver with id ftbquests:request_team_data
[16:07:14] [main/INFO]: Registering C2S receiver with id ftbteams:open_gui
[16:07:14] [main/INFO]: Registering C2S receiver with id ftbteams:update_settings
[16:07:14] [main/INFO]: Registering C2S receiver with id ftbteams:send_message
[16:07:14] [main/INFO]: Registering C2S receiver with id ftbteams:create_party
[16:07:14] [main/INFO]: Registering C2S receiver with id ftbteams:player_gui_operation
[16:07:14] [main/INFO]: Is initializing.
[16:07:14] [main/INFO]: Has successfully been initialized.
[16:07:14] [main/INFO]: Initializing Gimm1q - Mim1q's Fabric modding library!
[16:07:14] [main/WARN]: Method overwrite conflict for getRolls in emi_loot.mixins.json:LootPoolAccessor from mod emi_loot, previously written by net.fabricmc.fabric.mixin.loot.table.LootPoolMixin. Skipping method.
[16:07:14] [main/INFO]: Registered JSON trade offer adapter.
[16:07:15] [main/INFO]: Industrial Revolution has initialized.
[16:07:15] [main/INFO]: Hello Fabric world!
[16:07:15] [main/INFO]: File exists, reading config for elocindev.item_obliterator.fabric_quilt.config.ConfigEntries.
[16:07:15] [main/INFO]: Config for elocindev.item_obliterator.fabric_quilt.config.ConfigEntries read successfully.
[16:07:15] [main/INFO]: Item Obliterator Config Loaded
[16:07:15] [main/INFO]: Registering C2S receiver with id itemfilters:main/14e7fa1454283aec8ae811ef844ada28
[16:07:15] [main/INFO]: Registering C2S receiver with id itemfilters:main/8f6a899247753217b9d86ab427a2b279
[16:07:15] [main/INFO]: Initializing JamLib on Fabric
[16:07:15] [main/INFO]: [KONKRETE] Successfully initialized!
[16:07:15] [main/INFO]: [KONKRETE] Server-side libs ready to use!
[16:07:15] [main/INFO]: Constructing common components for leavesbegone:main
[16:07:16] [main/INFO]: [LMFT]: Loaded Config File!
[16:07:16] [main/INFO]: Constructing common components for magnumtorch:main
[16:07:16] [main/INFO]: Registering Blocks for mcda
[16:07:16] [main/INFO]: [MELODY] Disabling Melody since it's loaded server-side.
[16:07:16] [main/INFO]: Loaded config for: memorysettings.json
[16:07:16] [main/WARN]: You have more more memory allocated than recommended for your system, the recommended amount for your system is: 8189 mb.

[16:07:16] [main/INFO]: Definitely not up to no good
[16:07:16] [main/INFO]: [STDOUT]: All 13 have been set properly
[16:07:16] [main/INFO]: Registered mobs_of_mythology config for auto-sync function
[16:07:17] [main/INFO]: Modern Industrialization setup done!
[16:07:17] [main/INFO]: [STDOUT]: found type, is TWO
[16:07:17] [main/INFO]: [STDOUT]: [Modpack Update Checker] Loaded configuration file.
[16:07:17] [main/INFO]: [Mythic Charms] Initializing...
[16:07:17] [main/INFO]: Registering Mod Items for more_rpg_classes
[16:07:17] [main/INFO]: Registering Item Groups for more_rpg_classes
[16:07:17] [main/INFO]: Giving mobs a fresh coat of paint...
[16:07:17] [main/INFO]: Constructing common components for mutantmonsters:main
[16:07:17] [main/INFO]: Loading common config for mutantmonsters
[16:07:17] [Thread-5/INFO]: Reloading common config for mutantmonsters
[16:07:17] [Thread-5/INFO]: Reloading common config for mutantmonsters
[16:07:17] [main/INFO]: Registering Mythic Items for mythicupgrades
[16:07:17] [main/INFO]: Registering Mythic Blocks for mythicupgrades
[16:07:17] [main/INFO]: Registering resource pack 32x...
[16:07:17] [main/INFO]: Successfully registered resource pack 32x.
[16:07:17] [main/INFO]: Mythic Upgrades works properly! CAN, ANNENE SELAMLAR KARDESIM! <3
[16:07:17] [main/INFO]: Chase your dreams, no matter the cost. Don't wait for invitations, take action. Making a decision, starting something - that's half the battle of achieving success.
[16:07:18] [main/INFO]: Necronomicon Initialized
[16:07:18] [main/INFO]: File exists, reading config for elocindev.necronomicon.NecronomiconConfig.
[16:07:18] [main/INFO]: Config for elocindev.necronomicon.NecronomiconConfig read successfully.
[16:07:18] [main/INFO]: Constructing common components for netherchested:main
[16:07:18] [main/INFO]: Registering Items for netherdepthsupgrade
[16:07:18] [main/INFO]: Registering Blocks for netherdepthsupgrade
[16:07:18] [main/INFO]: Registering Block Entities for netherdepthsupgrade
[16:07:18] [main/INFO]: Registering tabs for netherdepthsupgrade
[16:07:18] [main/INFO]: Registering Entity Types for netherdepthsupgrade
[16:07:18] [main/INFO]: Registering Effects for netherdepthsupgrade
[16:07:18] [main/INFO]: Registering Potions for netherdepthsupgrade
[16:07:18] [main/INFO]: Registering Enchantments for netherdepthsupgrade
[16:07:18] [main/INFO]: Registering Particles for netherdepthsupgrade
[16:07:18] [main/INFO]: Registering Features for netherdepthsupgrade
[16:07:18] [main/INFO]: Registering ConfiguredFeatures for netherdepthsupgrade
[16:07:18] [main/INFO]: Registering PlacedFeatures for netherdepthsupgrade
[16:07:18] [main/INFO]: Registering Structures for netherdepthsupgrade
[16:07:18] [main/INFO]: Setting up compat for Farmers Delight
[16:07:18] [main/INFO]: KONNICHIWA ZA WARUDO!
[16:07:18] [main/INFO]: Default JVM text encoding is: UTF-8
[16:07:18] [main/INFO]: Reading config file NoChatReports/NCR-Common.json...
[16:07:18] [main/INFO]: Writing config file NoChatReports/NCR-Common.json...
[16:07:18] [main/INFO]: Registering Items for oceansdelight
[16:07:18] [main/INFO]: Registering Blocks for oceansdelight
[16:07:18] [main/INFO]: Registering tabs for oceansdelight
[16:07:18] [main/INFO]: File exists, reading config for elocindev.offhandtickfix.config.entries.OffHandTickFixConfig.
[16:07:18] [main/INFO]: Config for elocindev.offhandtickfix.config.entries.OffHandTickFixConfig read successfully.
[16:07:18] [main/INFO]: Open Parties and Claims: Create mod support!
[16:07:18] [main/INFO]: File exists, reading config for elocindev.opacpvp.config.entries.OpacPvPConfig.
[16:07:18] [main/INFO]: Config for elocindev.opacpvp.config.entries.OpacPvPConfig read successfully.
[16:07:18] [main/INFO]: [STDOUT]: All 1 have been set properly
[16:07:18] [main/INFO]: make a man a mod, he'll be enteratined for a few minutes - teach a man to mod, and he'll mald till the end of time
[16:07:18] [main/ERROR]: Failed to load book betternether:betternether_book defined by mod betternether, skipping
java.lang.IllegalArgumentException: Book betternether:betternether_book has use_resource_pack set to false. This behaviour was removed in 1.20. The book author should enable this flag and move all book contents clientside to /assets/, leaving the book.json in /data/. See https://vazkiimods.github.io/Patchouli/docs/upgrading/upgrade-guide-120 for details.
	at vazkii.patchouli.common.book.Book.<init>(Book.java:145) ~[Patchouli-1.20.1-84-FABRIC.jar:?]
	at vazkii.patchouli.common.book.BookRegistry.loadBook(BookRegistry.java:90) ~[Patchouli-1.20.1-84-FABRIC.jar:?]
	at vazkii.patchouli.common.book.BookRegistry.lambda$init$3(BookRegistry.java:75) ~[Patchouli-1.20.1-84-FABRIC.jar:?]
	at java.util.HashMap.forEach(HashMap.java:1421) ~[?:?]
	at vazkii.patchouli.common.book.BookRegistry.init(BookRegistry.java:70) ~[Patchouli-1.20.1-84-FABRIC.jar:?]
	at vazkii.patchouli.fabric.common.FabricModInitializer.onInitialize(FabricModInitializer.java:33) ~[Patchouli-1.20.1-84-FABRIC.jar:?]
	at net.fabricmc.loader.impl.FabricLoaderImpl.invokeEntrypoints(FabricLoaderImpl.java:399) ~[fabric-loader-0.16.14.jar:?]
	at net.fabricmc.loader.impl.game.minecraft.Hooks.startServer(Hooks.java:63) ~[fabric-loader-0.16.14.jar:?]
	at net.minecraft.server.Main.main(Main.java:112) ~[server-intermediary.jar:?]
	at net.fabricmc.loader.impl.game.minecraft.MinecraftGameProvider.launch(MinecraftGameProvider.java:480) ~[fabric-loader-0.16.14.jar:?]
	at net.fabricmc.loader.impl.launch.knot.Knot.launch(Knot.java:74) ~[fabric-loader-0.16.14.jar:?]
	at net.fabricmc.loader.impl.launch.knot.KnotServer.main(KnotServer.java:23) ~[fabric-loader-0.16.14.jar:?]
	at net.fabricmc.loader.impl.launch.server.FabricServerLauncher.main(FabricServerLauncher.java:69) ~[fabric-loader-0.16.14.jar:?]
	at net.fabricmc.installer.ServerLauncher.main(ServerLauncher.java:69) ~[fabric-server-launch.jar:1.0.1]
[16:07:18] [main/INFO]: [Ping-Wheel] Init
[16:07:18] [main/INFO]: [Ping-Wheel] Loaded ServerConfig(defaultChannelMode=auto, playerTrackingEnabled=true, msToRegenerate=1000, rateLimit=5)
[16:07:18] [main/INFO]: Registering C2S receiver with id powah:packet
[16:07:18] [main/INFO]: File exists, reading config for elocindev.prominent.config.ServerConfig.
[16:07:18] [main/INFO]: Config for elocindev.prominent.config.ServerConfig read successfully.
[16:07:18] [main/INFO]: File exists, reading config for elocindev.prominent.config.BossLevels.
[16:07:18] [main/INFO]: Config for elocindev.prominent.config.BossLevels read successfully.
[16:07:18] [main/INFO]: File exists, reading config for elocindev.prominent.config.ItemLevels.
[16:07:18] [main/INFO]: Config for elocindev.prominent.config.ItemLevels read successfully.
[16:07:18] [main/INFO]: Registered Prominent Sounds
[16:07:19] [main/INFO]: Registered Prominent Items
[16:07:19] [main/INFO]: Loaded Prominent Config
[16:07:19] [main/INFO]: Registered Prominent Sounds
[16:07:19] [main/INFO]: Registered Prominent Items
[16:07:19] [main/INFO]: File exists, reading config for elocindev.prominent_talents.config.Config.
[16:07:19] [main/INFO]: Config for elocindev.prominent_talents.config.Config read successfully.
[16:07:19] [main/INFO]: Registered Prominent Talents Sounds
[16:07:19] [main/INFO]: Constructing common components for puzzlesapi:iteminteractions
[16:07:19] [main/INFO]: Constructing common components for puzzlesapi:slotcycling
[16:07:19] [main/INFO]: Constructing common components for puzzlesapi:limitlesscontainers
[16:07:19] [main/INFO]: Constructing common components for puzzlesapi:statues
[16:07:19] [main/INFO]: Constructing common components for puzzleslib:main
[16:07:19] [main/INFO]: Steam 'n' Rails v1.6.9 initializing! Commit hash: 1219c3f788bf8add5c41073bcf9326c5815c2818 on Create version: 0.5.1j on platform: Fabric
[16:07:19] [main/INFO]: Registered bogey styles from railways
[16:07:19] [main/INFO]: Registering data fixers
[16:07:19] [main/INFO]: 0 Datafixer optimizations took 0 milliseconds
[16:07:19] [main/INFO]: Registering tracks for Hex Casting
[16:07:19] [main/INFO]: Registering tracks for Oh The Biomes You'll Go
[16:07:19] [main/INFO]: Registering tracks for Blue Skies
[16:07:19] [main/INFO]: Registering tracks for Twilight Forest
[16:07:19] [main/INFO]: Registering tracks for Biomes O' Plenty
[16:07:19] [main/INFO]: Registering tracks for Nature's Spirit
[16:07:19] [main/INFO]: Registering tracks for Dreams and Desires
[16:07:19] [main/INFO]: Registering tracks for Quark
[16:07:19] [main/INFO]: Registering tracks for TerraFirmaCraft
[16:07:19] [main/INFO]: File exists, reading config for elocindev.rebalance.config.ReBalanceConfig.
[16:07:19] [main/INFO]: Config for elocindev.rebalance.config.ReBalanceConfig read successfully.
[16:07:19] [main/INFO]: [STDOUT]: Starting recipe splitter
[16:07:19] [main/INFO]: [Regions Unexplored] generating and loading config
[16:07:20] [main/INFO]: File exists, reading config for elocindev.resistance_balancer.config.ResistanceBalancerConfig.
[16:07:20] [main/INFO]: Config for elocindev.resistance_balancer.config.ResistanceBalancerConfig read successfully.
[16:07:20] [main/INFO]: Hello Fabric world!
[16:07:20] [main/INFO]: [Fabric Seasons] Trying to read config file...
[16:07:20] [main/INFO]: [Fabric Seasons] A config file was found, loading it..
[16:07:20] [main/INFO]: [Fabric Seasons] Successfully loaded config file.
[16:07:20] [main/INFO]: [Fabric Seasons] Successfully loaded seasonscroptopiacompat 1.0 for croptopia 2.2.2
[16:07:20] [main/INFO]: [Fabric Seasons] Successfully loaded seasonsdelightcompat 1.0 for farmersdelight 1.3.9
[16:07:20] [main/INFO]: Shield API initialized!
[16:07:20] [main/INFO]: File exists, reading config for elocin.shield_overhaul.config.server.ShieldConfig.
[16:07:20] [main/INFO]: Config for elocin.shield_overhaul.config.server.ShieldConfig read successfully.
[16:07:20] [main/INFO]: Shield Overhaul's Config Loaded!
[16:07:20] [main/INFO]: Registering Items for simplyskills
[16:07:20] [main/INFO]: Registering Entities for simplyskills
[16:07:20] [main/INFO]: Registering Eldritch End compat Items for simplyswords
[16:07:20] [main/INFO]: [STDOUT]: Copied from /data/simplyswords/safeload_recipes/eldritch_end/dreadtide.json to /data/simplyswords/recipes/eldritch_end/dreadtide.json
[16:07:20] [main/INFO]: [STDOUT]: /workspaces/serverminecraft/servidor_minecraft/config
[16:07:20] [main/INFO]: Hello Fabric world!
[16:07:20] [main/INFO]: Loading Configs for Sortilege
[16:07:20] [main/INFO]: Couldn't find config value for path : "[enchantments, enchant_catalyst, show_in_tooltip]", defaulting to true
[16:07:20] [main/INFO]: Couldn't find config value for path : "[enchantments, enabled_enchants]", defaulting to {}
[16:07:20] [main/INFO]: Couldn't find config value for path : "[death, xp_keeping, stolen_xp_data]", defaulting to 41
[16:07:20] [main/INFO]: Couldn't find config value for path : "[death, glowing_killer]", defaulting to true
[16:07:20] [main/INFO]: Config initialized!
[16:07:20] [main/INFO]: Successfully initialized Geckolib!
[16:07:21] [main/INFO]: Successfully registered SoulsWeapons content!
[16:07:21] [main/INFO]: Successfully registered built-in 2D model resourcepack!
[16:07:21] [main/INFO]: Successfully registered built-in Legacy 2D Models resourcepack!
[16:07:21] [main/INFO]: Successfully registered built-in Legacy 3D Models resourcepack!
[16:07:21] [main/INFO]: Successfully registered built-in Fresh Animations Compat. resourcepack!
[16:07:21] [main/INFO]: Initializing done, time taken: 291ms
[16:07:21] [main/INFO]: Spell Engine x Open Parties and Claims
[16:07:21] [main/INFO]: Hello Fabric world!
[16:07:21] [main/INFO]: Creating asynchronous mapping cache executor...
[16:07:21] [Mappings Cache Thread #1/INFO]: Verifying cache of yarn mappings...
[16:07:21] [Mappings Cache Thread #1/INFO]: Fetching latest yarn build...
[16:07:21] [Mappings Cache Thread #1/INFO]: Trying to request GET https://maven.fabricmc.net/net/fabricmc/yarn/maven-metadata.xml... (try #0)
[16:07:21] [main/INFO]: Constructing common components for stoneworks:main
[16:07:21] [main/INFO]: Loading common config for stoneworks
[16:07:21] [Thread-5/INFO]: Reloading common config for stoneworks
[16:07:21] [Thread-5/INFO]: Reloading common config for stoneworks
[16:07:21] [Mappings Cache Thread #1/INFO]: Received 134919 bytes (131 KB) with status 200 from GET https://maven.fabricmc.net/net/fabricmc/yarn/maven-metadata.xml in 158ms
[16:07:21] [main/INFO]: structureessentials mod initialized
[16:07:21] [main/INFO]: Loaded config supplementaries-common.json
[16:07:21] [Mappings Cache Thread #1/INFO]: Cached latest yarn build version: 1.20.1+build.10
[16:07:21] [Mappings Cache Thread #1/INFO]: Downloading SHA256 hash for https://maven.fabricmc.net/net/fabricmc/yarn/1.20.1+build.10/yarn-1.20.1+build.10-v2.jar...
[16:07:21] [Mappings Cache Thread #1/INFO]: Trying to request GET https://maven.fabricmc.net/net/fabricmc/yarn/1.20.1+build.10/yarn-1.20.1+build.10-v2.jar.sha256... (try #0)
[16:07:21] [Mappings Cache Thread #1/INFO]: Received 64 bytes (64 bytes) with status 200 from GET https://maven.fabricmc.net/net/fabricmc/yarn/1.20.1+build.10/yarn-1.20.1+build.10-v2.jar.sha256 in 23ms
[16:07:21] [Mappings Cache Thread #1/INFO]: Downloading yarn mappings jar for build 1.20.1+build.10...
[16:07:21] [Mappings Cache Thread #1/INFO]: Trying to request GET https://maven.fabricmc.net/net/fabricmc/yarn/1.20.1+build.10/yarn-1.20.1+build.10-v2.jar... (try #0)
[16:07:21] [Mappings Cache Thread #1/INFO]: Received 1301421 bytes (1 MB) with status 200 from GET https://maven.fabricmc.net/net/fabricmc/yarn/1.20.1+build.10/yarn-1.20.1+build.10-v2.jar in 72ms
[16:07:21] [Mappings Cache Thread #1/INFO]: Verifying SHA256 hash 5444b470f35b892862908bb27314c0b5b325369fd60896d8d809e635d5371bea for https://maven.fabricmc.net/net/fabricmc/yarn/1.20.1+build.10/yarn-1.20.1+build.10-v2.jar...
[16:07:21] [Mappings Cache Thread #1/INFO]: Verified cache of yarn mappings (took 650ms)
[16:07:21] [Mappings Cache Thread #1/INFO]: Parsing yarn mappings...
[16:07:21] [Mappings Cache Thread #1/INFO]: Parsed yarn mappings (took 217ms)
[16:07:21] [Mappings Cache Thread #1/INFO]: Caching yarn mappings...
[16:07:22] [Mappings Cache Thread #1/INFO]: Cached yarn mappings (took 81ms)
[16:07:22] [Mappings Cache Thread #1/INFO]: Cached mappings have been built (took 952ms)
[16:07:22] [Mappings Cache Thread #1/INFO]:   Classes: 6741
[16:07:22] [Mappings Cache Thread #1/INFO]:   Methods: 24982
[16:07:22] [Mappings Cache Thread #1/INFO]:   Fields: 28829
[16:07:22] [ForkJoinPool.commonPool-worker-1/INFO]: Shutting down asynchronous mapping cache executor...
[16:07:22] [ForkJoinPool.commonPool-worker-1/INFO]: Injecting into root logger...
[16:07:22] [main/INFO]: TechReborn setup done!
[16:07:22] [main/INFO]: Registered region minecraft:overworld to index 0 for type OVERWORLD
[16:07:22] [main/INFO]: Registered region minecraft:nether to index 0 for type NETHER
[16:07:22] [main/INFO]: Registered region regions_unexplored:primary to index 1 for type OVERWORLD
[16:07:22] [main/INFO]: Registered region regions_unexplored:secondary to index 2 for type OVERWORLD
[16:07:22] [main/INFO]: Registered region regions_unexplored:nether to index 1 for type NETHER
[16:07:22] [main/INFO]: Registered region riverredux:overworld to index 3 for type OVERWORLD
[16:07:23] [main/WARN]: Registering builtin Fabric Seasons integration with Thermoo. Note that this integration will be removed as a builtin feature in the future.
[16:07:23] [main/INFO]: Creating environment manager EnvironmentManager{controller=com.github.thedeathlycow.thermoo.api.temperature.EmptyEnvironmentController}
[16:07:23] [main/INFO]: Thermoo initialized
[16:07:23] [main/INFO]: File exists, reading config for elocindev.tierify.config.CommonConfig.
[16:07:23] [main/INFO]: Config for elocindev.tierify.config.CommonConfig read successfully.
[16:07:23] [main/INFO]: Constructing common components for tinyskeletons:main
[16:07:23] [main/INFO]: Constructing common components for tradingpost:main
[16:07:23] [main/INFO]: Registered the FluidEffect with Unique ID of minecraft:water for Water (Fluid Amount Required: 81000) with the ID 0
[16:07:23] [main/INFO]: Registered the FluidEffect with Unique ID of minecraft:lava for Lava (Fluid Amount Required: 81000) with the ID 1
[16:07:23] [main/INFO]: Registered the FluidEffect with Unique ID of travelersbackpack:potion for block.travelersbackpack.potion_still (Fluid Amount Required: 27000) with the ID 2
[16:07:23] [main/INFO]: Registered the FluidEffect with Unique ID of minecraft:milk for Air (Fluid Amount Required: 81000) with the ID 3
[16:07:23] [main/INFO]: [STDOUT]: TxniLib onInitialize!
[16:07:23] [main/INFO]: [Collective] JSON file 'entity_names.json' generation requested by mod 'villagernames'.
[16:07:23] [main/INFO]: Registered JSON trade offer adapter.
[16:07:23] [main/INFO]: Constructing common components for visualworkbench:main
[16:07:23] [main/INFO]: [STDOUT]: Config updated!
[16:07:23] [main/INFO]: [STDOUT]: Config loaded!
[16:07:23] [main/INFO]: Has opac!! true
[16:07:23] [main/INFO]: Has ftbchunks!! false
[16:07:23] [main/INFO]: Has flan!! false
[16:07:23] [main/INFO]: Has goml!! false
[16:07:23] [main/INFO]: Registering C2S receiver with id wands:key_packet
[16:07:23] [main/INFO]: Registering C2S receiver with id wands:palette_packet
[16:07:23] [main/INFO]: Registering C2S receiver with id wands:wand_packet
[16:07:23] [main/INFO]: Registering C2S receiver with id wands:pos_packet
[16:07:23] [main/INFO]: Registering C2S receiver with id wands:global_settings_packet
[16:07:23] [main/INFO]: File exists, reading config for elocindev.ysns.config.DisabledEntities.
[16:07:23] [main/INFO]: Config for elocindev.ysns.config.DisabledEntities read successfully.
[16:07:23] [main/INFO]: File exists, reading config for elocindev.ysns.config.PerDimensionEntities.
[16:07:23] [main/INFO]: Config for elocindev.ysns.config.PerDimensionEntities read successfully.
[16:07:23] [main/INFO]: You Shall Not Spawn's Config initialized
[16:07:23] [main/INFO]: Reflections took 3 ms to scan 1 urls, producing 1 keys and 4 values
[16:07:23] [main/INFO]: Reflections took 3 ms to scan 1 urls, producing 1 keys and 4 values
[16:07:23] [main/INFO]: Reflections took 4 ms to scan 1 urls, producing 1 keys and 2 values
[16:07:23] [main/INFO]: Reflections took 1 ms to scan 1 urls, producing 1 keys and 2 values
[16:07:24] [main/INFO]: Registering content
[16:07:24] [main/INFO]: Registered extendedae config for auto-sync function
[16:07:24] [main/INFO]: Initialised items.
[16:07:24] [main/INFO]: Initialised blocks.
[16:07:24] [main/INFO]: Initialised block entities.
[16:07:24] [main/INFO]: Initialised Applied Botanics integration.
[16:07:24] [main/INFO]: Initialised AE2WT integration.
[16:07:24] [main/INFO]: Chose [Entity Tags] as the active game stages implementation
[16:07:24] [main/INFO]: Chose [FALLBACK] as the active permissions implementation
[16:07:24] [main/INFO]: [FTB Quests] recipe helper provider is [NO-OP]
[16:07:24] [main/INFO]: [FTB Quests] Enabled Item Filters integration
[16:07:24] [main/INFO]: Its Morbin' time
[16:07:24] [main/INFO]: Initialized Frostiful server!
[16:07:24] [main/INFO]: [STDOUT]: [Modpack Update Checker] Registered commands
[16:07:25] [main/INFO]: Initialized block sets in 57ms
[16:07:25] [main/INFO]: Loaded config fastpaintings-common.json
[16:07:25] [main/INFO]: Loaded config moonlight-common.json
[16:07:25] [main/INFO]: Initialized color sets in 129ms
[16:07:25] [main/INFO]: Finished mod setup in: [1, 1, 0, 0, 0, 0, 18, 10, 1] ms
[16:07:25] [main/INFO]: Loading Open Parties and Claims!
[16:07:25] [main/INFO]: File exists, reading config for elocindev.prominent.config.ServerConfig.
[16:07:25] [main/INFO]: Config for elocindev.prominent.config.ServerConfig read successfully.
[16:07:25] [main/INFO]: Loading Xaero's Minimap - Stage 1/2 (Server)
[16:07:25] [main/INFO]: Loading Xaero's World Map - Stage 1/2 (Server)
[16:07:26] [main/INFO]: Environment: authHost='https://authserver.mojang.com', accountsHost='https://api.mojang.com', sessionHost='https://sessionserver.mojang.com', servicesHost='https://api.minecraftservices.com', name='PROD'
[16:07:26] [main/ERROR]: Failed to start the minecraft server
net.minecraft.world.level.storage.SessionLock$AlreadyLockedException: /workspaces/serverminecraft/servidor_minecraft/./world/session.lock: already locked (possibly by other Minecraft instance?)
	at net.minecraft.world.level.storage.SessionLock$AlreadyLockedException.create(SessionLock.java:95) ~[server-intermediary.jar:?]
	at net.minecraft.world.level.storage.SessionLock.create(SessionLock.java:41) ~[server-intermediary.jar:?]
	at net.minecraft.world.level.storage.LevelStorage$Session.<init>(LevelStorage.java:398) ~[server-intermediary.jar:?]
	at net.minecraft.world.level.storage.LevelStorage.createSession(LevelStorage.java:377) ~[server-intermediary.jar:?]
	at net.minecraft.server.Main.main(Main.java:136) ~[server-intermediary.jar:?]
	at net.fabricmc.loader.impl.game.minecraft.MinecraftGameProvider.launch(MinecraftGameProvider.java:480) ~[fabric-loader-0.16.14.jar:?]
	at net.fabricmc.loader.impl.launch.knot.Knot.launch(Knot.java:74) ~[fabric-loader-0.16.14.jar:?]
	at net.fabricmc.loader.impl.launch.knot.KnotServer.main(KnotServer.java:23) ~[fabric-loader-0.16.14.jar:?]
	at net.fabricmc.loader.impl.launch.server.FabricServerLauncher.main(FabricServerLauncher.java:69) ~[fabric-loader-0.16.14.jar:?]
	at net.fabricmc.installer.ServerLauncher.main(ServerLauncher.java:69) ~[fabric-server-launch.jar:1.0.1]
